\BOOKMARK [1][-]{section.1}{ASI 1:Definici\363n del sistema}{}
\BOOKMARK [2][-]{subsection.1.1}{ASI 1.1: Determinaci\363n del alcance del sistema}{section.1}
\BOOKMARK [3][-]{subsubsection.1.1.1}{Glosario de t\351rminos}{subsection.1.1}
\BOOKMARK [3][-]{subsubsection.1.1.2}{Modelo de Negocio}{subsection.1.1}
\BOOKMARK [2][-]{subsection.1.2}{ASI 1.2: Identificaci\363n del entorno tecnol\363gico}{section.1}
\BOOKMARK [2][-]{subsection.1.3}{ASI 1.3: Especificaci\363n de Est\341ndares y Normas}{section.1}
\BOOKMARK [2][-]{subsection.1.4}{ASI 1.4: Identificaci\363n de los usuarios participantes y finales}{section.1}
\BOOKMARK [1][-]{section.2}{ASI 2: Establecimiento de requisitos}{}
\BOOKMARK [2][-]{subsection.2.1}{ASI 2.1: Obtenci\363n de requisitos}{section.2}
\BOOKMARK [2][-]{subsection.2.2}{ASI 2.2: Especificaci\363n de Casos de Uso}{section.2}
\BOOKMARK [2][-]{subsection.2.3}{ASI 2.3: An\341lisis de requisitos}{section.2}
\BOOKMARK [2][-]{subsection.2.4}{ASI 2.4: Validaci\363n de requisitos}{section.2}
\BOOKMARK [1][-]{section.3}{ASI 3: Identificaci\363n de subsistemas de an\341lisis}{}
\BOOKMARK [2][-]{subsection.3.1}{ASI 3.1: Determinaci\363n de Subsistemas de An\341lisis}{section.3}
\BOOKMARK [2][-]{subsection.3.2}{ASI 3.2: Integraci\363n de Subsistemas de An\341lisis}{section.3}
\BOOKMARK [1][-]{section.4}{ASI 4: An\341lisis de los casos de uso}{}
\BOOKMARK [2][-]{subsection.4.1}{ASI 4.1: Identificaci\363n de Clases Asociadas a un Caso de Uso}{section.4}
\BOOKMARK [2][-]{subsection.4.2}{ASI 4.2: Descripci\363n de la Interacci\363n de Objetos}{section.4}
\BOOKMARK [1][-]{section.5}{ASI 5: An\341lisis de clases}{}
\BOOKMARK [2][-]{subsection.5.1}{ASI 5.1: Identificaci\363n de responsabilidades y atributos}{section.5}
\BOOKMARK [2][-]{subsection.5.2}{ASI 5.2: Identificaci\363n de agregaciones y asociaciones}{section.5}
\BOOKMARK [2][-]{subsection.5.3}{ASI 5.3: Identificaci\363n de generalizaciones}{section.5}
\BOOKMARK [1][-]{section.6}{ASI 6: Elaboraci\363n del Modelo de Datos}{}
\BOOKMARK [2][-]{subsection.6.1}{ASI 6.1: Elaboraci\363n del Modelo Conceptual de Datos}{section.6}
\BOOKMARK [2][-]{subsection.6.2}{ASI 6.2: Elaboraci\363n del Modelo L\363gico de Datos}{section.6}
\BOOKMARK [2][-]{subsection.6.3}{ASI 6.4: Especificaci\363n de Necesidades de Migraci\363n de Datos y Carga Inicial}{section.6}
\BOOKMARK [1][-]{section.7}{ASI 7: Elaboraci\363n del Modelo de Procesos}{}
\BOOKMARK [2][-]{subsection.7.1}{ASI 7.1: Obtenci\363n del Modelo de Procesos del Sistema}{section.7}
\BOOKMARK [2][-]{subsection.7.2}{ASI 7.2: Especificaci\363n de Interfaces con otros Sistemas}{section.7}
\BOOKMARK [1][-]{section.8}{ASI 8: Definici\363n de interfaces de usuario}{}
\BOOKMARK [2][-]{subsection.8.1}{ASI 8.1: Especificaci\363n de Principios Generales de la Interfaz}{section.8}
\BOOKMARK [2][-]{subsection.8.2}{ASI 8.2: Identificaci\363n de Perfiles y Di\341logos}{section.8}
\BOOKMARK [2][-]{subsection.8.3}{ASI 8.3: Especificaci\363n de Formatos Individuales de la Interfaz de Pantalla}{section.8}
\BOOKMARK [2][-]{subsection.8.4}{ASI 8.4: Especificaci\363n del Comportamiento Din\341mico de la Interfaz}{section.8}
\BOOKMARK [2][-]{subsection.8.5}{ASI 8.5: Especificaci\363n de Formatos de Impresi\363n}{section.8}
\BOOKMARK [1][-]{section.9}{ASI 10: Especificaci\363n de un Plan de Pruebas}{}
\BOOKMARK [2][-]{subsection.9.1}{ASI 10.1: Definici\363n del Alcance de las Pruebas}{section.9}
\BOOKMARK [2][-]{subsection.9.2}{ASI 10.2: Definici\363n de Requisitos del entorno de Pruebas}{section.9}
\BOOKMARK [2][-]{subsection.9.3}{ASI 10.3: Definici\363n de las Pruebas de Aceptaci\363n del Sistema}{section.9}
