This is pdfTeX, Version 3.1415926-1.40.10 (MiKTeX 2.8) (preloaded format=pdflatex 2009.12.7)  16 JAN 2010 22:21
entering extended mode
**disenoTecnico.tex

("G:\Universidad\1Cuatrimestre\ISII\Practica\RepositorioISII\Diseño Tecnico\dis
enoTecnico.tex"
LaTeX2e <2009/09/24>
Babel <v3.8l> and hyphenation patterns for english, dumylang, nohyphenation, ge
rman, ngerman, german-x-2009-06-19, ngerman-x-2009-06-19, french, loaded.
("C:\Program Files\MiKTeX 2.8\tex\latex\base\article.cls"
Document Class: article 2007/10/19 v1.4h Standard LaTeX document class
("C:\Program Files\MiKTeX 2.8\tex\latex\base\size10.clo"
File: size10.clo 2007/10/19 v1.4h Standard LaTeX file (size option)
)
\c@part=\count79
\c@section=\count80
\c@subsection=\count81
\c@subsubsection=\count82
\c@paragraph=\count83
\c@subparagraph=\count84
\c@figure=\count85
\c@table=\count86
\abovecaptionskip=\skip41
\belowcaptionskip=\skip42
\bibindent=\dimen102
)
("C:\Program Files\MiKTeX 2.8\tex\latex\base\inputenc.sty"
Package: inputenc 2008/03/30 v1.1d Input encoding file
\inpenc@prehook=\toks14
\inpenc@posthook=\toks15

("C:\Program Files\MiKTeX 2.8\tex\latex\base\latin1.def"
File: latin1.def 2008/03/30 v1.1d Input encoding file
))
("C:\Program Files\MiKTeX 2.8\tex\generic\babel\babel.sty"
Package: babel 2008/07/06 v3.8l The Babel package

*************************************
* Local config file bblopts.cfg used
*
("C:\Program Files\MiKTeX 2.8\tex\latex\00miktex\bblopts.cfg"
File: bblopts.cfg 2006/07/31 v1.0 MiKTeX 'babel' configuration
)
("C:\Program Files\MiKTeX 2.8\tex\generic\babel\spanish.ldf"
Language: spanish.ldf 2009/01/02 v5.0h Spanish support from the babel system

("C:\Program Files\MiKTeX 2.8\tex\generic\babel\babel.def"
File: babel.def 2008/07/06 v3.8l Babel common definitions
\babel@savecnt=\count87
\U@D=\dimen103
)

Package babel Warning: No hyphenation patterns were loaded for
(babel)                the language `Spanish'
(babel)                I will use the patterns loaded for \language=0 instead.

\l@spanish = a dialect from \language0
\es@datefmt=\count88
\es@quottoks=\toks16
\es@quotdepth=\count89
Package babel Info: Making " an active character on input line 492.
Package babel Info: Making . an active character on input line 585.
Package babel Info: Making < an active character on input line 630.
Package babel Info: Making > an active character on input line 630.
)) ("C:\Program Files\MiKTeX 2.8\tex\latex\tools\multicol.sty"
Package: multicol 2008/12/05 v1.6h multicolumn formatting (FMi)
\c@tracingmulticols=\count90
\mult@box=\box26
\multicol@leftmargin=\dimen104
\c@unbalance=\count91
\c@collectmore=\count92
\doublecol@number=\count93
\multicoltolerance=\count94
\multicolpretolerance=\count95
\full@width=\dimen105
\page@free=\dimen106
\premulticols=\dimen107
\postmulticols=\dimen108
\multicolsep=\skip43
\multicolbaselineskip=\skip44
\partial@page=\box27
\last@line=\box28
\mult@rightbox=\box29
\mult@grightbox=\box30
\mult@gfirstbox=\box31
\mult@firstbox=\box32
\@tempa=\box33
\@tempa=\box34
\@tempa=\box35
\@tempa=\box36
\@tempa=\box37
\@tempa=\box38
\@tempa=\box39
\@tempa=\box40
\@tempa=\box41
\@tempa=\box42
\@tempa=\box43
\@tempa=\box44
\@tempa=\box45
\@tempa=\box46
\@tempa=\box47
\@tempa=\box48
\@tempa=\box49
\c@columnbadness=\count96
\c@finalcolumnbadness=\count97
\last@try=\dimen109
\multicolovershoot=\dimen110
\multicolundershoot=\dimen111
\mult@nat@firstbox=\box50
\colbreak@box=\box51
)
("C:\Program Files\MiKTeX 2.8\tex\latex\ams\math\amsmath.sty"
Package: amsmath 2000/07/18 v2.13 AMS math features
\@mathmargin=\skip45

For additional information on amsmath, use the `?' option.
("C:\Program Files\MiKTeX 2.8\tex\latex\ams\math\amstext.sty"
Package: amstext 2000/06/29 v2.01

("C:\Program Files\MiKTeX 2.8\tex\latex\ams\math\amsgen.sty"
File: amsgen.sty 1999/11/30 v2.0
\@emptytoks=\toks17
\ex@=\dimen112
))
("C:\Program Files\MiKTeX 2.8\tex\latex\ams\math\amsbsy.sty"
Package: amsbsy 1999/11/29 v1.2d
\pmbraise@=\dimen113
)
("C:\Program Files\MiKTeX 2.8\tex\latex\ams\math\amsopn.sty"
Package: amsopn 1999/12/14 v2.01 operator names
)
\inf@bad=\count98
LaTeX Info: Redefining \frac on input line 211.
\uproot@=\count99
\leftroot@=\count100
LaTeX Info: Redefining \overline on input line 307.
\classnum@=\count101
\DOTSCASE@=\count102
LaTeX Info: Redefining \ldots on input line 379.
LaTeX Info: Redefining \dots on input line 382.
LaTeX Info: Redefining \cdots on input line 467.
\Mathstrutbox@=\box52
\strutbox@=\box53
\big@size=\dimen114
LaTeX Font Info:    Redeclaring font encoding OML on input line 567.
LaTeX Font Info:    Redeclaring font encoding OMS on input line 568.
\macc@depth=\count103
\c@MaxMatrixCols=\count104
\dotsspace@=\muskip10
\c@parentequation=\count105
\dspbrk@lvl=\count106
\tag@help=\toks18
\row@=\count107
\column@=\count108
\maxfields@=\count109
\andhelp@=\toks19
\eqnshift@=\dimen115
\alignsep@=\dimen116
\tagshift@=\dimen117
\tagwidth@=\dimen118
\totwidth@=\dimen119
\lineht@=\dimen120
\@envbody=\toks20
\multlinegap=\skip46
\multlinetaggap=\skip47
\mathdisplay@stack=\toks21
LaTeX Info: Redefining \[ on input line 2666.
LaTeX Info: Redefining \] on input line 2667.
)
("C:\Program Files\MiKTeX 2.8\tex\latex\amsfonts\amsfonts.sty"
Package: amsfonts 2009/06/22 v3.00 Basic AMSFonts support
\symAMSa=\mathgroup4
\symAMSb=\mathgroup5
LaTeX Font Info:    Overwriting math alphabet `\mathfrak' in version `bold'
(Font)                  U/euf/m/n --> U/euf/b/n on input line 96.
)
("C:\Program Files\MiKTeX 2.8\tex\latex\amsfonts\amssymb.sty"
Package: amssymb 2009/06/22 v3.00
)
("C:\Program Files\MiKTeX 2.8\tex\latex\tools\enumerate.sty"
Package: enumerate 1999/03/05 v3.00 enumerate extensions (DPC)
\@enLab=\toks22
)
("C:\Program Files\MiKTeX 2.8\tex\latex\eurosym\eurosym.sty"
Package: eurosym 1998/08/06 v1.1 European currency symbol ``Euro''
\@eurobox=\box54
)
("C:\Program Files\MiKTeX 2.8\tex\latex\graphics\graphicx.sty"
Package: graphicx 1999/02/16 v1.0f Enhanced LaTeX Graphics (DPC,SPQR)

("C:\Program Files\MiKTeX 2.8\tex\latex\graphics\keyval.sty"
Package: keyval 1999/03/16 v1.13 key=value parser (DPC)
\KV@toks@=\toks23
)
("C:\Program Files\MiKTeX 2.8\tex\latex\graphics\graphics.sty"
Package: graphics 2009/02/05 v1.0o Standard LaTeX Graphics (DPC,SPQR)

("C:\Program Files\MiKTeX 2.8\tex\latex\graphics\trig.sty"
Package: trig 1999/03/16 v1.09 sin cos tan (DPC)
)
("C:\Program Files\MiKTeX 2.8\tex\latex\00miktex\graphics.cfg"
File: graphics.cfg 2007/01/18 v1.5 graphics configuration of teTeX/TeXLive
)
Package graphics Info: Driver file: pdftex.def on input line 91.

("C:\Program Files\MiKTeX 2.8\tex\latex\pdftex-def\pdftex.def"
File: pdftex.def 2009/08/25 v0.04m Graphics/color for pdfTeX
\Gread@gobject=\count110
))
\Gin@req@height=\dimen121
\Gin@req@width=\dimen122
)
("C:\Program Files\MiKTeX 2.8\tex\latex\ltxmisc\anysize.sty"
Package: anysize 1994/08/13 1.0 Contributed LaTeX2e package

Package: `anysize' 1.0 <1994/08/13>
\@Leftmargin=\dimen123
\@Rightmargin=\dimen124
\@Topmargin=\dimen125
\@Bottommargin=\dimen126
) ("C:\Program Files\MiKTeX 2.8\tex\latex\colortbl\colortbl.sty"
Package: colortbl 2001/02/13 v0.1j Color table columns (DPC)

("C:\Program Files\MiKTeX 2.8\tex\latex\tools\array.sty"
Package: array 2008/09/09 v2.4c Tabular extension package (FMi)
\col@sep=\dimen127
\extrarowheight=\dimen128
\NC@list=\toks24
\extratabsurround=\skip48
\backup@length=\skip49
)
("C:\Program Files\MiKTeX 2.8\tex\latex\graphics\color.sty"
Package: color 2005/11/14 v1.0j Standard LaTeX Color (DPC)

("C:\Program Files\MiKTeX 2.8\tex\latex\00miktex\color.cfg"
File: color.cfg 2007/01/18 v1.5 color configuration of teTeX/TeXLive
)
Package color Info: Driver file: pdftex.def on input line 130.
)
\everycr=\toks25
\minrowclearance=\skip50
)
("C:\Program Files\MiKTeX 2.8\tex\latex\hyperref\hyperref.sty"
Package: hyperref 2009/10/19 v6.79b Hypertext links for LaTeX

("C:\Program Files\MiKTeX 2.8\tex\generic\oberdiek\ifpdf.sty"
Package: ifpdf 2009/04/10 v2.0 Provides the ifpdf switch (HO)
Package ifpdf Info: pdfTeX in pdf mode detected.
)
("C:\Program Files\MiKTeX 2.8\tex\generic\oberdiek\ifvtex.sty"
Package: ifvtex 2008/11/04 v1.4 Switches for detecting VTeX and its modes (HO)
Package ifvtex Info: VTeX not detected.
)
("C:\Program Files\MiKTeX 2.8\tex\latex\ifxetex\ifxetex.sty"
Package: ifxetex 2009/01/23 v0.5 Provides ifxetex conditional
)
("C:\Program Files\MiKTeX 2.8\tex\latex\oberdiek\hycolor.sty"
Package: hycolor 2009/10/02 v1.5 Code for color options of hyperref/bookmark (H
O)

("C:\Program Files\MiKTeX 2.8\tex\latex\oberdiek\xcolor-patch.sty"
Package: xcolor-patch 2009/10/02 xcolor patch
))
\@linkdim=\dimen129
\Hy@linkcounter=\count111
\Hy@pagecounter=\count112

("C:\Program Files\MiKTeX 2.8\tex\latex\hyperref\pd1enc.def"
File: pd1enc.def 2009/10/19 v6.79b Hyperref: PDFDocEncoding definition (HO)
)
("C:\Program Files\MiKTeX 2.8\tex\generic\oberdiek\etexcmds.sty"
Package: etexcmds 2007/12/12 v1.2 Prefix for e-TeX command names (HO)

("C:\Program Files\MiKTeX 2.8\tex\generic\oberdiek\infwarerr.sty"
Package: infwarerr 2007/09/09 v1.2 Providing info/warning/message (HO)
)
Package etexcmds Info: Could not find \expanded.
(etexcmds)             That can mean that you are not using pdfTeX 1.50 or
(etexcmds)             that some package has redefined \expanded.
(etexcmds)             In the latter case, load this package earlier.
)
("C:\Program Files\MiKTeX 2.8\tex\latex\00miktex\hyperref.cfg"
File: hyperref.cfg 2002/06/06 v1.2 hyperref configuration of TeXLive
)
("C:\Program Files\MiKTeX 2.8\tex\latex\oberdiek\kvoptions.sty"
Package: kvoptions 2009/08/13 v3.4 Keyval support for LaTeX options (HO)

("C:\Program Files\MiKTeX 2.8\tex\generic\oberdiek\kvsetkeys.sty"
Package: kvsetkeys 2009/07/30 v1.5 Key value parser with default handler suppor
t (HO)
))
Package hyperref Info: Hyper figures OFF on input line 2975.
Package hyperref Info: Link nesting OFF on input line 2980.
Package hyperref Info: Hyper index ON on input line 2983.
Package hyperref Info: Plain pages OFF on input line 2990.
Package hyperref Info: Backreferencing OFF on input line 2995.

Implicit mode ON; LaTeX internals redefined
Package hyperref Info: Bookmarks ON on input line 3191.
("C:\Program Files\MiKTeX 2.8\tex\latex\ltxmisc\url.sty"
\Urlmuskip=\muskip11
Package: url 2006/04/12  ver 3.3  Verb mode for urls, etc.
)
LaTeX Info: Redefining \url on input line 3428.

("C:\Program Files\MiKTeX 2.8\tex\generic\oberdiek\bitset.sty"
Package: bitset 2007/09/28 v1.0 Data type bit set (HO)

("C:\Program Files\MiKTeX 2.8\tex\generic\oberdiek\intcalc.sty"
Package: intcalc 2007/09/27 v1.1 Expandable integer calculations (HO)
)
("C:\Program Files\MiKTeX 2.8\tex\generic\oberdiek\bigintcalc.sty"
Package: bigintcalc 2007/11/11 v1.1 Expandable big integer calculations (HO)

("C:\Program Files\MiKTeX 2.8\tex\generic\oberdiek\pdftexcmds.sty"
Package: pdftexcmds 2009/09/23 v0.6 LuaTeX support for pdfTeX utility functions
 (HO)

("C:\Program Files\MiKTeX 2.8\tex\generic\oberdiek\ifluatex.sty"
Package: ifluatex 2009/04/17 v1.2 Provides the ifluatex switch (HO)
Package ifluatex Info: LuaTeX not detected.
)
("C:\Program Files\MiKTeX 2.8\tex\generic\oberdiek\ltxcmds.sty"
Package: ltxcmds 2009/08/05 v1.0 Some LaTeX kernel commands for general use (HO
)
)
Package pdftexcmds Info: LuaTeX not detected.
Package pdftexcmds Info: \pdf@primitive is available.
Package pdftexcmds Info: \pdf@ifprimitive is available.
)))
\Fld@menulength=\count113
\Field@Width=\dimen130
\Fld@charsize=\dimen131
\Field@toks=\toks26
Package hyperref Info: Hyper figures OFF on input line 4377.
Package hyperref Info: Link nesting OFF on input line 4382.
Package hyperref Info: Hyper index ON on input line 4385.
Package hyperref Info: backreferencing OFF on input line 4392.
Package hyperref Info: Link coloring OFF on input line 4397.
Package hyperref Info: Link coloring with OCG OFF on input line 4402.
Package hyperref Info: PDF/A mode OFF on input line 4407.

("C:\Program Files\MiKTeX 2.8\tex\generic\oberdiek\atbegshi.sty"
Package: atbegshi 2008/07/31 v1.9 At begin shipout hook (HO)
)
\Hy@abspage=\count114
\c@Item=\count115
\c@Hfootnote=\count116
)
*hyperref using default driver hpdftex*
("C:\Program Files\MiKTeX 2.8\tex\latex\hyperref\hpdftex.def"
File: hpdftex.def 2009/10/19 v6.79b Hyperref driver for pdfTeX
\Fld@listcount=\count117
)
("C:\Program Files\MiKTeX 2.8\tex\latex\graphics\lscape.sty"
Package: lscape 2000/10/22 v3.01 Landscape Pages (DPC)
)
("C:\Program Files\MiKTeX 2.8\tex\latex\float\float.sty"
Package: float 2001/11/08 v1.3d Float enhancements (AL)
\c@float@type=\count118
\float@exts=\toks27
\float@box=\box55
\@float@everytoks=\toks28
\@floatcapt=\box56
)
("C:\Program Files\MiKTeX 2.8\tex\latex\tools\longtable.sty"
Package: longtable 2004/02/01 v4.11 Multi-page Table package (DPC)
\LTleft=\skip51
\LTright=\skip52
\LTpre=\skip53
\LTpost=\skip54
\LTchunksize=\count119
\LTcapwidth=\dimen132
\LT@head=\box57
\LT@firsthead=\box58
\LT@foot=\box59
\LT@lastfoot=\box60
\LT@cols=\count120
\LT@rows=\count121
\c@LT@tables=\count122
\c@LT@chunks=\count123
\LT@p@ftn=\toks29
)
("C:\Program Files\MiKTeX 2.8\tex\latex\fancyhdr\fancyhdr.sty"
\fancy@headwidth=\skip55
\f@ncyO@elh=\skip56
\f@ncyO@erh=\skip57
\f@ncyO@olh=\skip58
\f@ncyO@orh=\skip59
\f@ncyO@elf=\skip60
\f@ncyO@erf=\skip61
\f@ncyO@olf=\skip62
\f@ncyO@orf=\skip63
)
("C:\Program Files\MiKTeX 2.8\tex\latex\moreverb\moreverb.sty"
Package: moreverb 2008/06/03 v2.3 `more' verbatim facilities

("C:\Program Files\MiKTeX 2.8\tex\latex\tools\verbatim.sty"
Package: verbatim 2003/08/22 v1.5q LaTeX2e package for verbatim enhancements
\every@verbatim=\toks30
\verbatim@line=\toks31
\verbatim@in@stream=\read1
)
\verbatim@out=\write3
\tab@position=\count124
\tab@size=\count125
\listing@line=\count126
)
("G:\Universidad\1Cuatrimestre\ISII\Practica\RepositorioISII\Diseño Tecnico\dis
enoTecnico.aux")
LaTeX Font Info:    Checking defaults for OML/cmm/m/it on input line 23.
LaTeX Font Info:    ... okay on input line 23.
LaTeX Font Info:    Checking defaults for T1/cmr/m/n on input line 23.
LaTeX Font Info:    ... okay on input line 23.
LaTeX Font Info:    Checking defaults for OT1/cmr/m/n on input line 23.
LaTeX Font Info:    ... okay on input line 23.
LaTeX Font Info:    Checking defaults for OMS/cmsy/m/n on input line 23.
LaTeX Font Info:    ... okay on input line 23.
LaTeX Font Info:    Checking defaults for OMX/cmex/m/n on input line 23.
LaTeX Font Info:    ... okay on input line 23.
LaTeX Font Info:    Checking defaults for U/cmr/m/n on input line 23.
LaTeX Font Info:    ... okay on input line 23.
LaTeX Font Info:    Checking defaults for PD1/pdf/m/n on input line 23.
LaTeX Font Info:    ... okay on input line 23.
 ("C:\Program Files\MiKTeX 2.8\tex\context\base\supp-pdf.tex"
[Loading MPS to PDF converter (version 2006.09.02).]
\scratchcounter=\count127
\scratchdimen=\dimen133
\scratchbox=\box61
\nofMPsegments=\count128
\nofMParguments=\count129
\everyMPshowfont=\toks32
\MPscratchCnt=\count130
\MPscratchDim=\dimen134
\MPnumerator=\count131
\everyMPtoPDFconversion=\toks33
)
Package hyperref Info: Link coloring OFF on input line 23.
 ("C:\Program Files\MiKTeX 2.8\tex\latex\hyperref\nameref.sty"
Package: nameref 2007/05/29 v2.31 Cross-referencing by name of section

("C:\Program Files\MiKTeX 2.8\tex\latex\oberdiek\refcount.sty"
Package: refcount 2008/08/11 v3.1 Data extraction from references (HO)
)
\c@section@level=\count132
)
LaTeX Info: Redefining \ref on input line 23.
LaTeX Info: Redefining \pageref on input line 23.

("G:\Universidad\1Cuatrimestre\ISII\Practica\RepositorioISII\Diseño Tecnico\dis
enoTecnico.out")
("G:\Universidad\1Cuatrimestre\ISII\Practica\RepositorioISII\Diseño Tecnico\dis
enoTecnico.out")
\@outlinefile=\write4
\AtBeginShipoutBox=\box62
 <logoURJC.jpg, id=183, 85.82062pt x 90.3375pt>
File: logoURJC.jpg Graphic file (type jpg)

<use logoURJC.jpg>
LaTeX Font Info:    Try loading font information for U+msa on input line 35.
 ("C:\Program Files\MiKTeX 2.8\tex\latex\amsfonts\umsa.fd"
File: umsa.fd 2009/06/22 v3.00 AMS symbols A
)
LaTeX Font Info:    Try loading font information for U+msb on input line 35.

("C:\Program Files\MiKTeX 2.8\tex\latex\amsfonts\umsb.fd"
File: umsb.fd 2009/06/22 v3.00 AMS symbols B
) [1

{C:/ProgramData/MiKTeX/2.8/pdftex/config/pdftex.map} <G:/Universidad/1Cuatrimes
tre/ISII/Practica/RepositorioISII/Diseño Tecnico/logoURJC.jpg>]

Package Fancyhdr Warning: \fancyhead's `E' option without twoside option is use
less on input line 41.


Package Fancyhdr Warning: \fancyhead's `E' option without twoside option is use
less on input line 42.


("G:\Universidad\1Cuatrimestre\ISII\Practica\RepositorioISII\Diseño Tecnico\dis
enoTecnico.toc")
\tf@toc=\write5
 [2]
("G:\Universidad\1Cuatrimestre\ISII\Practica\RepositorioISII\Diseño Tecnico\dis
enoTecnico.lof")
\tf@lof=\write6
 [3]
<despliegueSistema.jpg, id=307, 1101.11375pt x 597.23125pt>
File: despliegueSistema.jpg Graphic file (type jpg)

<use despliegueSistema.jpg> [4pdfTeX warning (ext4): destination with the same 
identifier (name{figure.1}) has been already used, duplicate ignored

\AtBegShi@Output ...ipout \box \AtBeginShipoutBox 
                                                  \fi \fi 
l.73 	\end{itemize}
                    <G:/Universidad/1Cuatrimestre/ISII/Practica/RepositorioISII
/Diseño Tecnico/despliegueSistema.jpg>]
Underfull \hbox (badness 10000) in paragraph at lines 74--75

 []


Underfull \hbox (badness 10000) in paragraph at lines 76--77

 []


Underfull \hbox (badness 10000) in paragraph at lines 78--79

 []


Underfull \hbox (badness 10000) in paragraph at lines 80--81

 []


Underfull \hbox (badness 10000) in paragraph at lines 88--89

 []


Underfull \hbox (badness 10000) in paragraph at lines 90--91

 []


Underfull \hbox (badness 10000) in paragraph at lines 92--93

 []

[5] [6] <paquetes.jpg, id=321, 904.37875pt x 740.7675pt>
File: paquetes.jpg Graphic file (type jpg)
 <use paquetes.jpg>
[7]
LaTeX Font Info:    Try loading font information for OMS+cmr on input line 150.

 ("C:\Program Files\MiKTeX 2.8\tex\latex\base\omscmr.fd"
File: omscmr.fd 1999/05/25 v2.5h Standard LaTeX font definitions
)
LaTeX Font Info:    Font shape `OMS/cmr/m/n' in size <10> not available
(Font)              Font shape `OMS/cmsy/m/n' tried instead on input line 150.
 [8pdfTeX warning (ext4): destination with the same identifier (name{figure.2})
 has been already used, duplicate ignored

\AtBegShi@Output ...ipout \box \AtBeginShipoutBox 
                                                  \fi \fi 
l.160 					\item B
                  ase de Datos: Oracle (Lenguaje de consulta estructurado SQL).
 <G:/Universidad/1Cuatrimestre/ISII/Practica/RepositorioISII/Diseño Tecnico/paq
uetes.jpg>] [9] [10] [11] [12]
<disenologin_correcto.jpg, id=348, 665.48625pt x 516.93124pt>
File: disenologin_correcto.jpg Graphic file (type jpg)

<use disenologin_correcto.jpg>
<disenologin_incorrecto.jpg, id=349, 665.48625pt x 516.93124pt>
File: disenologin_incorrecto.jpg Graphic file (type jpg)

<use disenologin_incorrecto.jpg> [13pdfTeX warning (ext4): destination with the
 same identifier (name{figure.3}) has been already used, duplicate ignored

\AtBegShi@Output ...ipout \box \AtBeginShipoutBox 
                                                  \fi \fi 
l.306 
       <G:/Universidad/1Cuatrimestre/ISII/Practica/RepositorioISII/Diseño Tecni
co/disenologin_correcto.jpg>]
<disenologout_correcto.jpg, id=355, 665.48625pt x 516.93124pt>
File: disenologout_correcto.jpg Graphic file (type jpg)

<use disenologout_correcto.jpg> [14pdfTeX warning (ext4): destination with the 
same identifier (name{figure.4}) has been already used, duplicate ignored

\AtBegShi@Output ...ipout \box \AtBeginShipoutBox 
                                                  \fi \fi 
l.320 
       <G:/Universidad/1Cuatrimestre/ISII/Practica/RepositorioISII/Diseño Tecni
co/disenologin_incorrecto.jpg>]
<disenologout_incorrecto.jpg, id=360, 665.48625pt x 516.93124pt>
File: disenologout_incorrecto.jpg Graphic file (type jpg)

<use disenologout_incorrecto.jpg> [15pdfTeX warning (ext4): destination with th
e same identifier (name{figure.5}) has been already used, duplicate ignored

\AtBegShi@Output ...ipout \box \AtBeginShipoutBox 
                                                  \fi \fi 
l.331 			\item E
                l usuario no tiene una sesión activa y desea cerrarla: la BD...
pdfTeX warning (ext4): destination with the same identifier (name{figure.6}) ha
s been already used, duplicate ignored

\AtBegShi@Output ...ipout \box \AtBeginShipoutBox 
                                                  \fi \fi 
l.331 			\item E
                l usuario no tiene una sesión activa y desea cerrarla: la BD...
 <G:/Universidad/1Cuatrimestre/ISII/Practica/RepositorioISII/Diseño Tecnico/dis
enologout_correcto.jpg> <G:/Universidad/1Cuatrimestre/ISII/Practica/Repositorio
ISII/Diseño Tecnico/disenologout_incorrecto.jpg>]
<disenoregistro_correcto.jpg, id=365, 665.48625pt x 516.93124pt>
File: disenoregistro_correcto.jpg Graphic file (type jpg)

<use disenoregistro_correcto.jpg>
<disenoregistro_incorrecto.jpg, id=366, 665.48625pt x 516.93124pt>
File: disenoregistro_incorrecto.jpg Graphic file (type jpg)

<use disenoregistro_incorrecto.jpg> [16pdfTeX warning (ext4): destination with 
the same identifier (name{figure.7}) has been already used, duplicate ignored

\AtBegShi@Output ...ipout \box \AtBeginShipoutBox 
                                                  \fi \fi 
l.348 
       <G:/Universidad/1Cuatrimestre/ISII/Practica/RepositorioISII/Diseño Tecni
co/disenoregistro_correcto.jpg>]
<disenoatclienteinfo.jpg, id=371, 696.6025pt x 516.93124pt>
File: disenoatclienteinfo.jpg Graphic file (type jpg)

<use disenoatclienteinfo.jpg> [17pdfTeX warning (ext4): destination with the sa
me identifier (name{figure.8}) has been already used, duplicate ignored

\AtBegShi@Output ...ipout \box \AtBeginShipoutBox 
                                                  \fi \fi 
l.362 		U
         n usuario registrado pide atención a la aplicación, mediante el ges...
 <G:/Universidad/1Cuatrimestre/ISII/Practica/RepositorioISII/Diseño Tecnico/dis
enoregistro_incorrecto.jpg>]
<disenoinfocorporativa.jpg, id=376, 696.6025pt x 516.93124pt>
File: disenoinfocorporativa.jpg Graphic file (type jpg)

<use disenoinfocorporativa.jpg> [18pdfTeX warning (ext4): destination with the 
same identifier (name{figure.9}) has been already used, duplicate ignored

\AtBegShi@Output ...ipout \box \AtBeginShipoutBox 
                                                  \fi \fi 
l.371 
      pdfTeX warning (ext4): destination with the same identifier (name{figure.
10}) has been already used, duplicate ignored

\AtBegShi@Output ...ipout \box \AtBeginShipoutBox 
                                                  \fi \fi 
l.371 
       <G:/Universidad/1Cuatrimestre/ISII/Practica/RepositorioISII/Diseño Tecni
co/disenoatclienteinfo.jpg> <G:/Universidad/1Cuatrimestre/ISII/Practica/Reposit
orioISII/Diseño Tecnico/disenoinfocorporativa.jpg>]
<disenotareas.jpg, id=381, 663.47874pt x 516.93124pt>
File: disenotareas.jpg Graphic file (type jpg)
 <use disenotareas.jpg>
<disenoseguimientos.jpg, id=382, 662.475pt x 516.93124pt>
File: disenoseguimientos.jpg Graphic file (type jpg)

<use disenoseguimientos.jpg> [19pdfTeX warning (ext4): destination with the sam
e identifier (name{figure.11}) has been already used, duplicate ignored

\AtBegShi@Output ...ipout \box \AtBeginShipoutBox 
                                                  \fi \fi 
l.387 		C
         uando un usuario registrado solicita el seguimiento de un envío, el...
 <G:/Universidad/1Cuatrimestre/ISII/Practica/RepositorioISII/Diseño Tecnico/dis
enotareas.jpg>] <disenohistorico.jpg, id=388, 662.475pt x 516.93124pt>
File: disenohistorico.jpg Graphic file (type jpg)

<use disenohistorico.jpg> [20pdfTeX warning (ext4): destination with the same i
dentifier (name{figure.12}) has been already used, duplicate ignored

\AtBegShi@Output ...ipout \box \AtBeginShipoutBox 
                                                  \fi \fi 
l.396 
      pdfTeX warning (ext4): destination with the same identifier (name{figure.
13}) has been already used, duplicate ignored

\AtBegShi@Output ...ipout \box \AtBeginShipoutBox 
                                                  \fi \fi 
l.396 
       <G:/Universidad/1Cuatrimestre/ISII/Practica/RepositorioISII/Diseño Tecni
co/disenoseguimientos.jpg> <G:/Universidad/1Cuatrimestre/ISII/Practica/Reposito
rioISII/Diseño Tecnico/disenohistorico.jpg>]
<disenojustificantes.jpg, id=393, 693.59125pt x 516.93124pt>
File: disenojustificantes.jpg Graphic file (type jpg)

<use disenojustificantes.jpg>
<disenoapadrinamiento.jpg, id=394, 725.71124pt x 516.93124pt>
File: disenoapadrinamiento.jpg Graphic file (type jpg)

<use disenoapadrinamiento.jpg> [21pdfTeX warning (ext4): destination with the s
ame identifier (name{figure.14}) has been already used, duplicate ignored

\AtBegShi@Output ...ipout \box \AtBeginShipoutBox 
                                                  \fi \fi 
l.412 		E
         l usuario registrado quiere realizar la acción de apadrinar debe ab...
 <G:/Universidad/1Cuatrimestre/ISII/Practica/RepositorioISII/Diseño Tecnico/dis
enojustificantes.jpg>]
<disenoasociaciones.jpg, id=399, 697.60625pt x 516.93124pt>
File: disenoasociaciones.jpg Graphic file (type jpg)

<use disenoasociaciones.jpg> [22pdfTeX warning (ext4): destination with the sam
e identifier (name{figure.15}) has been already used, duplicate ignored

\AtBegShi@Output ...ipout \box \AtBeginShipoutBox 
                                                  \fi \fi 
l.421 
      pdfTeX warning (ext4): destination with the same identifier (name{figure.
16}) has been already used, duplicate ignored

\AtBegShi@Output ...ipout \box \AtBeginShipoutBox 
                                                  \fi \fi 
l.421 
       <G:/Universidad/1Cuatrimestre/ISII/Practica/RepositorioISII/Diseño Tecni
co/disenoapadrinamiento.jpg> <G:/Universidad/1Cuatrimestre/ISII/Practica/Reposi
torioISII/Diseño Tecnico/disenoasociaciones.jpg>]
<disenoatcliente.jpg, id=404, 696.6025pt x 516.93124pt>
File: disenoatcliente.jpg Graphic file (type jpg)

<use disenoatcliente.jpg>
<disenocolecciones.jpg, id=405, 704.6325pt x 516.93124pt>
File: disenocolecciones.jpg Graphic file (type jpg)

<use disenocolecciones.jpg> [23pdfTeX warning (ext4): destination with the same
 identifier (name{figure.17}) has been already used, duplicate ignored

\AtBegShi@Output ...ipout \box \AtBeginShipoutBox 
                                                  \fi \fi 
l.436 		U
         n usuario registrado solicita la información de un tipo de colecció...
 <G:/Universidad/1Cuatrimestre/ISII/Practica/RepositorioISII/Diseño Tecnico/dis
enoatcliente.jpg>]
<disenogestiononline_correcto.jpg, id=410, 916.42375pt x 533.995pt>
File: disenogestiononline_correcto.jpg Graphic file (type jpg)

<use disenogestiononline_correcto.jpg>
Overfull \hbox (2.96664pt too wide) in paragraph at lines 440--441
 [] 
 []

[24pdfTeX warning (ext4): destination with the same identifier (name{figure.18}
) has been already used, duplicate ignored

\AtBegShi@Output ...ipout \box \AtBeginShipoutBox 
                                                  \fi \fi 
l.444 
       <G:/Universidad/1Cuatrimestre/ISII/Practica/RepositorioISII/Diseño Tecni
co/disenocolecciones.jpg>]
<disenogestiononline_incorrecto.jpg, id=415, 916.42375pt x 533.995pt>
File: disenogestiononline_incorrecto.jpg Graphic file (type jpg)

<use disenogestiononline_incorrecto.jpg>
Overfull \hbox (2.96664pt too wide) in paragraph at lines 448--449
 [] 
 []

[25pdfTeX warning (ext4): destination with the same identifier (name{figure.19}
) has been already used, duplicate ignored

\AtBegShi@Output ...ipout \box \AtBeginShipoutBox 
                                                  \fi \fi 
l.453 
      pdfTeX warning (ext4): destination with the same identifier (name{figure.
20}) has been already used, duplicate ignored

\AtBegShi@Output ...ipout \box \AtBeginShipoutBox 
                                                  \fi \fi 
l.453 
       <G:/Universidad/1Cuatrimestre/ISII/Practica/RepositorioISII/Diseño Tecni
co/disenogestiononline_correcto.jpg> <G:/Universidad/1Cuatrimestre/ISII/Practic
a/RepositorioISII/Diseño Tecnico/disenogestiononline_incorrecto.jpg>]
<disenosucursal.jpg, id=421, 662.475pt x 516.93124pt>
File: disenosucursal.jpg Graphic file (type jpg)
 <use disenosucursal.jpg>
<disenoenvio_correcto.jpg, id=422, 662.475pt x 516.93124pt>
File: disenoenvio_correcto.jpg Graphic file (type jpg)

<use disenoenvio_correcto.jpg> [26pdfTeX warning (ext4): destination with the s
ame identifier (name{figure.21}) has been already used, duplicate ignored

\AtBegShi@Output ...ipout \box \AtBeginShipoutBox 
                                                  \fi \fi 
l.469 
       <G:/Universidad/1Cuatrimestre/ISII/Practica/RepositorioISII/Diseño Tecni
co/disenosucursal.jpg>]
<disenoenvio_incorrecto.jpg, id=427, 662.475pt x 516.93124pt>
File: disenoenvio_incorrecto.jpg Graphic file (type jpg)

<use disenoenvio_incorrecto.jpg> [27pdfTeX warning (ext4): destination with the
 same identifier (name{figure.22}) has been already used, duplicate ignored

\AtBegShi@Output ...ipout \box \AtBeginShipoutBox 
                                                  \fi \fi 
l.479 			\item E
                l gestor intenta registrar los datos del envío en la base de...
pdfTeX warning (ext4): destination with the same identifier (name{figure.23}) h
as been already used, duplicate ignored

\AtBegShi@Output ...ipout \box \AtBeginShipoutBox 
                                                  \fi \fi 
l.479 			\item E
                l gestor intenta registrar los datos del envío en la base de...
 <G:/Universidad/1Cuatrimestre/ISII/Practica/RepositorioISII/Diseño Tecnico/dis
enoenvio_correcto.jpg> <G:/Universidad/1Cuatrimestre/ISII/Practica/RepositorioI
SII/Diseño Tecnico/disenoenvio_incorrecto.jpg>]

pdfTeX warning: pdflatex (file G:/Universidad/1Cuatrimestre/ISII/Practica/Repos
itorioISII/Diseño Tecnico/particulares_principal.pdf): PDF inclusion: found PDF
 version <1.5>, but at most version <1.4> allowed
<particulares_principal.pdf, id=432, 803.0pt x 602.25pt>
File: particulares_principal.pdf Graphic file (type pdf)

<use particulares_principal.pdf>

pdfTeX warning: pdflatex (file G:/Universidad/1Cuatrimestre/ISII/Practica/Repos
itorioISII/Diseño Tecnico/empresas_principal.pdf): PDF inclusion: found PDF ver
sion <1.5>, but at most version <1.4> allowed
<empresas_principal.pdf, id=433, 803.0pt x 602.25pt>
File: empresas_principal.pdf Graphic file (type pdf)

<use empresas_principal.pdf> [28pdfTeX warning (ext4): destination with the sam
e identifier (name{figure.24}) has been already used, duplicate ignored

\AtBegShi@Output ...ipout \box \AtBeginShipoutBox 
                                                  \fi \fi 
l.503 			E
          n este caso, las opciones disponibles son las de empresas, pero la...
 <G:/Universidad/1Cuatrimestre/ISII/Practica/RepositorioISII/Diseño Tecnico/par
ticulares_principal.pdf>]

pdfTeX warning: pdflatex (file G:/Universidad/1Cuatrimestre/ISII/Practica/Repos
itorioISII/Diseño Tecnico/oficina_virtual_principal.pdf): PDF inclusion: found 
PDF version <1.5>, but at most version <1.4> allowed
<oficina_virtual_principal.pdf, id=463, 803.0pt x 602.25pt>
File: oficina_virtual_principal.pdf Graphic file (type pdf)

<use oficina_virtual_principal.pdf> [29pdfTeX warning (ext4): destination with 
the same identifier (name{figure.25}) has been already used, duplicate ignored

\AtBegShi@Output ...ipout \box \AtBeginShipoutBox 
                                                  \fi \fi 
l.512 			P
          ara la oficina virtual la estructura es la misma pero con las opci...
 <G:/Universidad/1Cuatrimestre/ISII/Practica/RepositorioISII/Diseño Tecnico/emp
resas_principal.pdf>] [30pdfTeX warning (ext4): destination with the same ident
ifier (name{figure.26}) has been already used, duplicate ignored

\AtBegShi@Output ...ipout \box \AtBeginShipoutBox 
                                                  \fi \fi 
l.531 								\item I
                     UCorreos. <G:/Universidad/1Cuatrimestre/ISII/Practica/Repo
sitorioISII/Diseño Tecnico/oficina_virtual_principal.pdf>] [31] [32] [33]
<clasesdiag.jpg, id=535, 1431.3475pt x 1083.04625pt>
File: clasesdiag.jpg Graphic file (type jpg)
 <use clasesdiag.jpg>
[34pdfTeX warning (ext4): destination with the same identifier (name{figure.27}
) has been already used, duplicate ignored

\AtBegShi@Output ...ipout \box \AtBeginShipoutBox 
                                                  \fi \fi 
l.698 				\item \textit
                       {Gestor - Interfaz}: las clases del paquete \textit{I...
 <G:/Universidad/1Cuatrimestre/ISII/Practica/RepositorioISII/Diseño Tecnico/cla
sesdiag.jpg>] [35] [36]
Underfull \hbox (badness 10000) in paragraph at lines 838--839

 []

[37]
Underfull \hbox (badness 10000) in paragraph at lines 852--853

 []

[38] [39]
Underfull \hbox (badness 10000) in paragraph at lines 949--950

 []


Underfull \hbox (badness 10000) in paragraph at lines 951--952

 []


Underfull \hbox (badness 10000) in paragraph at lines 956--957

 []


Underfull \hbox (badness 10000) in paragraph at lines 958--959

 []

[40]
Underfull \hbox (badness 10000) in paragraph at lines 971--972

 []


Underfull \hbox (badness 10000) in paragraph at lines 973--974

 []

[41] <componentes.jpg, id=574, 942.52126pt x 661.47125pt>
File: componentes.jpg Graphic file (type jpg)

<use componentes.jpg>
Overfull \hbox (16.01537pt too wide) in paragraph at lines 1015--1016
 [] 
 []


LaTeX Warning: `h' float specifier changed to `ht'.

[42] [43pdfTeX warning (ext4): destination with the same identifier (name{figur
e.28}) has been already used, duplicate ignored

\AtBegShi@Output ...ipout \box \AtBeginShipoutBox 
                                                  \fi \fi 
l.1050 		\item \textit
                      {GestorEnvíos}: será un componente a través del cual d...
 <G:/Universidad/1Cuatrimestre/ISII/Practica/RepositorioISII/Diseño Tecnico/com
ponentes.jpg>]
File: tablas.txt  (verbatim)
 [44] [45] [46]
Underfull \hbox (badness 10000) in paragraph at lines 1073--1074

 []


Underfull \hbox (badness 10000) in paragraph at lines 1093--1094

 []

[47]
Underfull \hbox (badness 10000) in paragraph at lines 1109--1110

 []


Underfull \hbox (badness 10000) in paragraph at lines 1111--1112

 []

[48]
Underfull \hbox (badness 10000) in paragraph at lines 1151--1152

 []


Underfull \hbox (badness 10000) in paragraph at lines 1153--1154

 []


Underfull \hbox (badness 10000) in paragraph at lines 1155--1156

 []

[49]
Underfull \hbox (badness 10000) in paragraph at lines 1157--1158

 []


Underfull \hbox (badness 10000) in paragraph at lines 1163--1164

 []

[50]
Underfull \hbox (badness 10000) in paragraph at lines 1174--1175

 []

[51]
("G:\Universidad\1Cuatrimestre\ISII\Practica\RepositorioISII\Diseño Tecnico\dis
enoTecnico.aux") ) 
Here is how much of TeX's memory you used:
 6633 strings out of 495285
 94088 string characters out of 3180388
 180832 words of memory out of 3000000
 9529 multiletter control sequences out of 15000+200000
 8631 words of font info for 33 fonts, out of 3000000 for 9000
 14 hyphenation exceptions out of 8191
 38i,13n,43p,936b,519s stack positions out of 5000i,500n,10000p,200000b,50000s
<C:/Program Files/MiKTeX 2.8/fonts/type1/public/amsfonts/cm/c
mbx10.pfb><C:/Program Files/MiKTeX 2.8/fonts/type1/public/amsfonts/cm/cmbx12.pf
b><C:/Program Files/MiKTeX 2.8/fonts/type1/public/amsfonts/cm/cmr10.pfb><C:/Pro
gram Files/MiKTeX 2.8/fonts/type1/public/amsfonts/cm/cmr12.pfb><C:/Program File
s/MiKTeX 2.8/fonts/type1/public/amsfonts/cm/cmr17.pfb><C:/Program Files/MiKTeX 
2.8/fonts/type1/public/amsfonts/cm/cmr7.pfb><C:/Program Files/MiKTeX 2.8/fonts/
type1/public/amsfonts/cm/cmsy10.pfb><C:/Program Files/MiKTeX 2.8/fonts/type1/pu
blic/amsfonts/cm/cmti10.pfb><C:/Program Files/MiKTeX 2.8/fonts/type1/public/ams
fonts/cm/cmti12.pfb><C:/Program Files/MiKTeX 2.8/fonts/type1/public/amsfonts/cm
/cmtt10.pfb>
Output written on disenoTecnico.pdf (51 pages, 1578320 bytes).
PDF statistics:
 694 PDF objects out of 1000 (max. 8388607)
 143 named destinations out of 1000 (max. 500000)
 506 words of extra memory for PDF output out of 10000 (max. 10000000)

