\BOOKMARK [1][-]{section.1}{DSI 1: Definici\363n de la Arquitectura del Sistema}{}
\BOOKMARK [2][-]{subsection.1.1}{DSI 1.1: Definici\363n de Niveles de Arquitectura}{section.1}
\BOOKMARK [2][-]{subsection.1.2}{DSI 1.2: Identificaci\363n de Requisitos de Dise\361o y Construcci\363n}{section.1}
\BOOKMARK [2][-]{subsection.1.3}{DSI 1.3: Especificaci\363n de Excepciones}{section.1}
\BOOKMARK [2][-]{subsection.1.4}{DSI 1.4: Especificaci\363n de Est\341ndares y Norma de Dise\361o y Construcci\363n}{section.1}
\BOOKMARK [2][-]{subsection.1.5}{DSI 1.5: Identificaci\363n de Subsistemas de Dise\361o}{section.1}
\BOOKMARK [2][-]{subsection.1.6}{DSI 1.6: Especificaci\363n del Entorno Tecnol\363gico}{section.1}
\BOOKMARK [2][-]{subsection.1.7}{DSI 1.7: Especificaci\363n de Requisitos de Operaci\363n y Seguridad}{section.1}
\BOOKMARK [1][-]{section.2}{DSI 2: Dise\361o de la Arquitectura de Soporte}{}
\BOOKMARK [2][-]{subsection.2.1}{DSI 2.1: Dise\361o de Subsistemas de Soporte}{section.2}
\BOOKMARK [2][-]{subsection.2.2}{DSI 2.2: Identificaci\363n de Mecanismos Gen\351ricos de Dise\361o}{section.2}
\BOOKMARK [1][-]{section.3}{DSI 3: Dise\361o de Casos de Uso Reales}{}
\BOOKMARK [2][-]{subsection.3.1}{DSI 3.1: Identificaci\363n de Clases Asociadas a un Caso de Uso}{section.3}
\BOOKMARK [2][-]{subsection.3.2}{DSI 3.2: Dise\361o de la Realizaci\363n de los Casos de Uso}{section.3}
\BOOKMARK [2][-]{subsection.3.3}{DSI 3.3: Revisi\363n de la Interfaz de Usuario}{section.3}
\BOOKMARK [2][-]{subsection.3.4}{DSI 3.4: Revisi\363n de Subsistemas de Dise\361o e Interfaces}{section.3}
\BOOKMARK [1][-]{section.4}{DSI 4: Dise\361o de Clases}{}
\BOOKMARK [2][-]{subsection.4.1}{DSI 4.1: Identificaci\363n de Clases Adicionales}{section.4}
\BOOKMARK [2][-]{subsection.4.2}{DSI 4.2: Dise\361o de Asociaciones y Agregaciones}{section.4}
\BOOKMARK [2][-]{subsection.4.3}{DSI 4.3: Identificaci\363n de Atributos de las Clases}{section.4}
\BOOKMARK [2][-]{subsection.4.4}{DSI 4.4: Identificaci\363n de Operaciones de las Clases}{section.4}
\BOOKMARK [2][-]{subsection.4.5}{DSI 4.5: Dise\361o de la Jerarqu\355a}{section.4}
\BOOKMARK [2][-]{subsection.4.6}{DSI 4.7: Especificaci\363n de Necesidades de Migraci\363n y Carga Inicial de Datos}{section.4}
\BOOKMARK [1][-]{section.5}{DSI 6: Dise\361o F\355sico de Datos}{}
\BOOKMARK [2][-]{subsection.5.1}{DSI 6.1: Dise\361o del Modelo F\355sico de Datos}{section.5}
\BOOKMARK [2][-]{subsection.5.2}{DSI 6.2: Especificaci\363n de los Caminos de Acceso a los Datos}{section.5}
\BOOKMARK [2][-]{subsection.5.3}{DSI 6.3: Optimizaci\363n del Modelo F\355sico de Datos}{section.5}
\BOOKMARK [2][-]{subsection.5.4}{DSI 6.4: Especificaci\363n de la Distribuci\363n de Datos}{section.5}
\BOOKMARK [1][-]{section.6}{DSI 8: Generaci\363n de Especificaciones de Construcci\363n}{}
\BOOKMARK [2][-]{subsection.6.1}{DSI 8.1: Especificaci\363n del Entorno de Construcci\363n}{section.6}
\BOOKMARK [2][-]{subsection.6.2}{DSI 8.2: Definici\363n de Componentes y Subsistemas de Construcci\363n}{section.6}
\BOOKMARK [2][-]{subsection.6.3}{DSI 8.3: Elaboraci\363n de Especificaciones de Construcci\363n}{section.6}
\BOOKMARK [2][-]{subsection.6.4}{DSI 8.4: Elaboraci\363n de Especificaciones del Modelo F\355sico de Datos}{section.6}
\BOOKMARK [1][-]{section.7}{DSI 9: Dise\361o de la Migraci\363n y Carga Inicial de Datos}{}
\BOOKMARK [2][-]{subsection.7.1}{DSI 9.1: Especificaci\363n del Entorno de Migraci\363n}{section.7}
\BOOKMARK [2][-]{subsection.7.2}{DSI 9.2: Dise\361o de Procedimientos de Migraci\363n y Carga Inicial}{section.7}
\BOOKMARK [2][-]{subsection.7.3}{DSI 9.3: Dise\361o Detallado de Componentes de Migraci\363n y Carga Inicial}{section.7}
\BOOKMARK [2][-]{subsection.7.4}{DSI 9.4: Revisi\363n de la Planificaci\363n de la Migraci\363n}{section.7}
\BOOKMARK [1][-]{section.8}{DSI 10: Especificaci\363n T\351cnica del Plan de Pruebas}{}
\BOOKMARK [2][-]{subsection.8.1}{DSI 10.1: Especificaci\363n del Entorno de Pruebas}{section.8}
\BOOKMARK [2][-]{subsection.8.2}{DSI 10.2: Especificaci\363n T\351cnica de Niveles de Prueba}{section.8}
\BOOKMARK [2][-]{subsection.8.3}{DSI 10.3: Revisi\363n de la Planificaci\363n de Pruebas}{section.8}
\BOOKMARK [1][-]{section.9}{DSI 11: Establecimiento de Requisitos de Implantaci\363n}{}
\BOOKMARK [2][-]{subsection.9.1}{DSI 11.1: Especificaci\363n de Requisitos de Documentaci\363n de Usuario}{section.9}
\BOOKMARK [2][-]{subsection.9.2}{DSI 11.2: Especificaci\363n de Requisitos de Implantaci\363n}{section.9}
