This is pdfTeX, Version 3.1415926-1.40.10 (MiKTeX 2.8) (preloaded format=pdflatex 2009.12.7)  9 JAN 2010 20:21
entering extended mode
**disenoTecnico.tex

("G:\Universidad\1Cuatrimestre\ISII\Practica\RepositorioISII\Diseño Tecnico\dis
enoTecnico.tex"
LaTeX2e <2009/09/24>
Babel <v3.8l> and hyphenation patterns for english, dumylang, nohyphenation, ge
rman, ngerman, german-x-2009-06-19, ngerman-x-2009-06-19, french, loaded.
("C:\Program Files\MiKTeX 2.8\tex\latex\base\article.cls"
Document Class: article 2007/10/19 v1.4h Standard LaTeX document class
("C:\Program Files\MiKTeX 2.8\tex\latex\base\size10.clo"
File: size10.clo 2007/10/19 v1.4h Standard LaTeX file (size option)
)
\c@part=\count79
\c@section=\count80
\c@subsection=\count81
\c@subsubsection=\count82
\c@paragraph=\count83
\c@subparagraph=\count84
\c@figure=\count85
\c@table=\count86
\abovecaptionskip=\skip41
\belowcaptionskip=\skip42
\bibindent=\dimen102
)
("C:\Program Files\MiKTeX 2.8\tex\latex\base\inputenc.sty"
Package: inputenc 2008/03/30 v1.1d Input encoding file
\inpenc@prehook=\toks14
\inpenc@posthook=\toks15

("C:\Program Files\MiKTeX 2.8\tex\latex\base\latin1.def"
File: latin1.def 2008/03/30 v1.1d Input encoding file
))
("C:\Program Files\MiKTeX 2.8\tex\generic\babel\babel.sty"
Package: babel 2008/07/06 v3.8l The Babel package

*************************************
* Local config file bblopts.cfg used
*
("C:\Program Files\MiKTeX 2.8\tex\latex\00miktex\bblopts.cfg"
File: bblopts.cfg 2006/07/31 v1.0 MiKTeX 'babel' configuration
)
("C:\Program Files\MiKTeX 2.8\tex\generic\babel\spanish.ldf"
Language: spanish.ldf 2009/01/02 v5.0h Spanish support from the babel system

("C:\Program Files\MiKTeX 2.8\tex\generic\babel\babel.def"
File: babel.def 2008/07/06 v3.8l Babel common definitions
\babel@savecnt=\count87
\U@D=\dimen103
)

Package babel Warning: No hyphenation patterns were loaded for
(babel)                the language `Spanish'
(babel)                I will use the patterns loaded for \language=0 instead.

\l@spanish = a dialect from \language0
\es@datefmt=\count88
\es@quottoks=\toks16
\es@quotdepth=\count89
Package babel Info: Making " an active character on input line 492.
Package babel Info: Making . an active character on input line 585.
Package babel Info: Making < an active character on input line 630.
Package babel Info: Making > an active character on input line 630.
)) ("C:\Program Files\MiKTeX 2.8\tex\latex\tools\multicol.sty"
Package: multicol 2008/12/05 v1.6h multicolumn formatting (FMi)
\c@tracingmulticols=\count90
\mult@box=\box26
\multicol@leftmargin=\dimen104
\c@unbalance=\count91
\c@collectmore=\count92
\doublecol@number=\count93
\multicoltolerance=\count94
\multicolpretolerance=\count95
\full@width=\dimen105
\page@free=\dimen106
\premulticols=\dimen107
\postmulticols=\dimen108
\multicolsep=\skip43
\multicolbaselineskip=\skip44
\partial@page=\box27
\last@line=\box28
\mult@rightbox=\box29
\mult@grightbox=\box30
\mult@gfirstbox=\box31
\mult@firstbox=\box32
\@tempa=\box33
\@tempa=\box34
\@tempa=\box35
\@tempa=\box36
\@tempa=\box37
\@tempa=\box38
\@tempa=\box39
\@tempa=\box40
\@tempa=\box41
\@tempa=\box42
\@tempa=\box43
\@tempa=\box44
\@tempa=\box45
\@tempa=\box46
\@tempa=\box47
\@tempa=\box48
\@tempa=\box49
\c@columnbadness=\count96
\c@finalcolumnbadness=\count97
\last@try=\dimen109
\multicolovershoot=\dimen110
\multicolundershoot=\dimen111
\mult@nat@firstbox=\box50
\colbreak@box=\box51
)
("C:\Program Files\MiKTeX 2.8\tex\latex\ams\math\amsmath.sty"
Package: amsmath 2000/07/18 v2.13 AMS math features
\@mathmargin=\skip45

For additional information on amsmath, use the `?' option.
("C:\Program Files\MiKTeX 2.8\tex\latex\ams\math\amstext.sty"
Package: amstext 2000/06/29 v2.01

("C:\Program Files\MiKTeX 2.8\tex\latex\ams\math\amsgen.sty"
File: amsgen.sty 1999/11/30 v2.0
\@emptytoks=\toks17
\ex@=\dimen112
))
("C:\Program Files\MiKTeX 2.8\tex\latex\ams\math\amsbsy.sty"
Package: amsbsy 1999/11/29 v1.2d
\pmbraise@=\dimen113
)
("C:\Program Files\MiKTeX 2.8\tex\latex\ams\math\amsopn.sty"
Package: amsopn 1999/12/14 v2.01 operator names
)
\inf@bad=\count98
LaTeX Info: Redefining \frac on input line 211.
\uproot@=\count99
\leftroot@=\count100
LaTeX Info: Redefining \overline on input line 307.
\classnum@=\count101
\DOTSCASE@=\count102
LaTeX Info: Redefining \ldots on input line 379.
LaTeX Info: Redefining \dots on input line 382.
LaTeX Info: Redefining \cdots on input line 467.
\Mathstrutbox@=\box52
\strutbox@=\box53
\big@size=\dimen114
LaTeX Font Info:    Redeclaring font encoding OML on input line 567.
LaTeX Font Info:    Redeclaring font encoding OMS on input line 568.
\macc@depth=\count103
\c@MaxMatrixCols=\count104
\dotsspace@=\muskip10
\c@parentequation=\count105
\dspbrk@lvl=\count106
\tag@help=\toks18
\row@=\count107
\column@=\count108
\maxfields@=\count109
\andhelp@=\toks19
\eqnshift@=\dimen115
\alignsep@=\dimen116
\tagshift@=\dimen117
\tagwidth@=\dimen118
\totwidth@=\dimen119
\lineht@=\dimen120
\@envbody=\toks20
\multlinegap=\skip46
\multlinetaggap=\skip47
\mathdisplay@stack=\toks21
LaTeX Info: Redefining \[ on input line 2666.
LaTeX Info: Redefining \] on input line 2667.
)
("C:\Program Files\MiKTeX 2.8\tex\latex\amsfonts\amsfonts.sty"
Package: amsfonts 2009/06/22 v3.00 Basic AMSFonts support
\symAMSa=\mathgroup4
\symAMSb=\mathgroup5
LaTeX Font Info:    Overwriting math alphabet `\mathfrak' in version `bold'
(Font)                  U/euf/m/n --> U/euf/b/n on input line 96.
)
("C:\Program Files\MiKTeX 2.8\tex\latex\amsfonts\amssymb.sty"
Package: amssymb 2009/06/22 v3.00
)
("C:\Program Files\MiKTeX 2.8\tex\latex\tools\enumerate.sty"
Package: enumerate 1999/03/05 v3.00 enumerate extensions (DPC)
\@enLab=\toks22
)
("C:\Program Files\MiKTeX 2.8\tex\latex\eurosym\eurosym.sty"
Package: eurosym 1998/08/06 v1.1 European currency symbol ``Euro''
\@eurobox=\box54
)
("C:\Program Files\MiKTeX 2.8\tex\latex\graphics\graphicx.sty"
Package: graphicx 1999/02/16 v1.0f Enhanced LaTeX Graphics (DPC,SPQR)

("C:\Program Files\MiKTeX 2.8\tex\latex\graphics\keyval.sty"
Package: keyval 1999/03/16 v1.13 key=value parser (DPC)
\KV@toks@=\toks23
)
("C:\Program Files\MiKTeX 2.8\tex\latex\graphics\graphics.sty"
Package: graphics 2009/02/05 v1.0o Standard LaTeX Graphics (DPC,SPQR)

("C:\Program Files\MiKTeX 2.8\tex\latex\graphics\trig.sty"
Package: trig 1999/03/16 v1.09 sin cos tan (DPC)
)
("C:\Program Files\MiKTeX 2.8\tex\latex\00miktex\graphics.cfg"
File: graphics.cfg 2007/01/18 v1.5 graphics configuration of teTeX/TeXLive
)
Package graphics Info: Driver file: pdftex.def on input line 91.

("C:\Program Files\MiKTeX 2.8\tex\latex\pdftex-def\pdftex.def"
File: pdftex.def 2009/08/25 v0.04m Graphics/color for pdfTeX
\Gread@gobject=\count110
))
\Gin@req@height=\dimen121
\Gin@req@width=\dimen122
)
("C:\Program Files\MiKTeX 2.8\tex\latex\ltxmisc\anysize.sty"
Package: anysize 1994/08/13 1.0 Contributed LaTeX2e package

Package: `anysize' 1.0 <1994/08/13>
\@Leftmargin=\dimen123
\@Rightmargin=\dimen124
\@Topmargin=\dimen125
\@Bottommargin=\dimen126
) ("C:\Program Files\MiKTeX 2.8\tex\latex\colortbl\colortbl.sty"
Package: colortbl 2001/02/13 v0.1j Color table columns (DPC)

("C:\Program Files\MiKTeX 2.8\tex\latex\tools\array.sty"
Package: array 2008/09/09 v2.4c Tabular extension package (FMi)
\col@sep=\dimen127
\extrarowheight=\dimen128
\NC@list=\toks24
\extratabsurround=\skip48
\backup@length=\skip49
)
("C:\Program Files\MiKTeX 2.8\tex\latex\graphics\color.sty"
Package: color 2005/11/14 v1.0j Standard LaTeX Color (DPC)

("C:\Program Files\MiKTeX 2.8\tex\latex\00miktex\color.cfg"
File: color.cfg 2007/01/18 v1.5 color configuration of teTeX/TeXLive
)
Package color Info: Driver file: pdftex.def on input line 130.
)
\everycr=\toks25
\minrowclearance=\skip50
)
("C:\Program Files\MiKTeX 2.8\tex\latex\hyperref\hyperref.sty"
Package: hyperref 2009/10/19 v6.79b Hypertext links for LaTeX

("C:\Program Files\MiKTeX 2.8\tex\generic\oberdiek\ifpdf.sty"
Package: ifpdf 2009/04/10 v2.0 Provides the ifpdf switch (HO)
Package ifpdf Info: pdfTeX in pdf mode detected.
)
("C:\Program Files\MiKTeX 2.8\tex\generic\oberdiek\ifvtex.sty"
Package: ifvtex 2008/11/04 v1.4 Switches for detecting VTeX and its modes (HO)
Package ifvtex Info: VTeX not detected.
)
("C:\Program Files\MiKTeX 2.8\tex\latex\ifxetex\ifxetex.sty"
Package: ifxetex 2009/01/23 v0.5 Provides ifxetex conditional
)
("C:\Program Files\MiKTeX 2.8\tex\latex\oberdiek\hycolor.sty"
Package: hycolor 2009/10/02 v1.5 Code for color options of hyperref/bookmark (H
O)

("C:\Program Files\MiKTeX 2.8\tex\latex\oberdiek\xcolor-patch.sty"
Package: xcolor-patch 2009/10/02 xcolor patch
))
\@linkdim=\dimen129
\Hy@linkcounter=\count111
\Hy@pagecounter=\count112

("C:\Program Files\MiKTeX 2.8\tex\latex\hyperref\pd1enc.def"
File: pd1enc.def 2009/10/19 v6.79b Hyperref: PDFDocEncoding definition (HO)
)
("C:\Program Files\MiKTeX 2.8\tex\generic\oberdiek\etexcmds.sty"
Package: etexcmds 2007/12/12 v1.2 Prefix for e-TeX command names (HO)

("C:\Program Files\MiKTeX 2.8\tex\generic\oberdiek\infwarerr.sty"
Package: infwarerr 2007/09/09 v1.2 Providing info/warning/message (HO)
)
Package etexcmds Info: Could not find \expanded.
(etexcmds)             That can mean that you are not using pdfTeX 1.50 or
(etexcmds)             that some package has redefined \expanded.
(etexcmds)             In the latter case, load this package earlier.
)
("C:\Program Files\MiKTeX 2.8\tex\latex\00miktex\hyperref.cfg"
File: hyperref.cfg 2002/06/06 v1.2 hyperref configuration of TeXLive
)
("C:\Program Files\MiKTeX 2.8\tex\latex\oberdiek\kvoptions.sty"
Package: kvoptions 2009/08/13 v3.4 Keyval support for LaTeX options (HO)

("C:\Program Files\MiKTeX 2.8\tex\generic\oberdiek\kvsetkeys.sty"
Package: kvsetkeys 2009/07/30 v1.5 Key value parser with default handler suppor
t (HO)
))
Package hyperref Info: Hyper figures OFF on input line 2975.
Package hyperref Info: Link nesting OFF on input line 2980.
Package hyperref Info: Hyper index ON on input line 2983.
Package hyperref Info: Plain pages OFF on input line 2990.
Package hyperref Info: Backreferencing OFF on input line 2995.

Implicit mode ON; LaTeX internals redefined
Package hyperref Info: Bookmarks ON on input line 3191.
("C:\Program Files\MiKTeX 2.8\tex\latex\ltxmisc\url.sty"
\Urlmuskip=\muskip11
Package: url 2006/04/12  ver 3.3  Verb mode for urls, etc.
)
LaTeX Info: Redefining \url on input line 3428.

("C:\Program Files\MiKTeX 2.8\tex\generic\oberdiek\bitset.sty"
Package: bitset 2007/09/28 v1.0 Data type bit set (HO)

("C:\Program Files\MiKTeX 2.8\tex\generic\oberdiek\intcalc.sty"
Package: intcalc 2007/09/27 v1.1 Expandable integer calculations (HO)
)
("C:\Program Files\MiKTeX 2.8\tex\generic\oberdiek\bigintcalc.sty"
Package: bigintcalc 2007/11/11 v1.1 Expandable big integer calculations (HO)

("C:\Program Files\MiKTeX 2.8\tex\generic\oberdiek\pdftexcmds.sty"
Package: pdftexcmds 2009/09/23 v0.6 LuaTeX support for pdfTeX utility functions
 (HO)

("C:\Program Files\MiKTeX 2.8\tex\generic\oberdiek\ifluatex.sty"
Package: ifluatex 2009/04/17 v1.2 Provides the ifluatex switch (HO)
Package ifluatex Info: LuaTeX not detected.
)
("C:\Program Files\MiKTeX 2.8\tex\generic\oberdiek\ltxcmds.sty"
Package: ltxcmds 2009/08/05 v1.0 Some LaTeX kernel commands for general use (HO
)
)
Package pdftexcmds Info: LuaTeX not detected.
Package pdftexcmds Info: \pdf@primitive is available.
Package pdftexcmds Info: \pdf@ifprimitive is available.
)))
\Fld@menulength=\count113
\Field@Width=\dimen130
\Fld@charsize=\dimen131
\Field@toks=\toks26
Package hyperref Info: Hyper figures OFF on input line 4377.
Package hyperref Info: Link nesting OFF on input line 4382.
Package hyperref Info: Hyper index ON on input line 4385.
Package hyperref Info: backreferencing OFF on input line 4392.
Package hyperref Info: Link coloring OFF on input line 4397.
Package hyperref Info: Link coloring with OCG OFF on input line 4402.
Package hyperref Info: PDF/A mode OFF on input line 4407.

("C:\Program Files\MiKTeX 2.8\tex\generic\oberdiek\atbegshi.sty"
Package: atbegshi 2008/07/31 v1.9 At begin shipout hook (HO)
)
\Hy@abspage=\count114
\c@Item=\count115
\c@Hfootnote=\count116
)
*hyperref using default driver hpdftex*
("C:\Program Files\MiKTeX 2.8\tex\latex\hyperref\hpdftex.def"
File: hpdftex.def 2009/10/19 v6.79b Hyperref driver for pdfTeX
\Fld@listcount=\count117
)
("C:\Program Files\MiKTeX 2.8\tex\latex\graphics\lscape.sty"
Package: lscape 2000/10/22 v3.01 Landscape Pages (DPC)
)
("C:\Program Files\MiKTeX 2.8\tex\latex\float\float.sty"
Package: float 2001/11/08 v1.3d Float enhancements (AL)
\c@float@type=\count118
\float@exts=\toks27
\float@box=\box55
\@float@everytoks=\toks28
\@floatcapt=\box56
)
("C:\Program Files\MiKTeX 2.8\tex\latex\tools\longtable.sty"
Package: longtable 2004/02/01 v4.11 Multi-page Table package (DPC)
\LTleft=\skip51
\LTright=\skip52
\LTpre=\skip53
\LTpost=\skip54
\LTchunksize=\count119
\LTcapwidth=\dimen132
\LT@head=\box57
\LT@firsthead=\box58
\LT@foot=\box59
\LT@lastfoot=\box60
\LT@cols=\count120
\LT@rows=\count121
\c@LT@tables=\count122
\c@LT@chunks=\count123
\LT@p@ftn=\toks29
)
("C:\Program Files\MiKTeX 2.8\tex\latex\fancyhdr\fancyhdr.sty"
\fancy@headwidth=\skip55
\f@ncyO@elh=\skip56
\f@ncyO@erh=\skip57
\f@ncyO@olh=\skip58
\f@ncyO@orh=\skip59
\f@ncyO@elf=\skip60
\f@ncyO@erf=\skip61
\f@ncyO@olf=\skip62
\f@ncyO@orf=\skip63
)
("G:\Universidad\1Cuatrimestre\ISII\Practica\RepositorioISII\Diseño Tecnico\dis
enoTecnico.aux")
LaTeX Font Info:    Checking defaults for OML/cmm/m/it on input line 22.
LaTeX Font Info:    ... okay on input line 22.
LaTeX Font Info:    Checking defaults for T1/cmr/m/n on input line 22.
LaTeX Font Info:    ... okay on input line 22.
LaTeX Font Info:    Checking defaults for OT1/cmr/m/n on input line 22.
LaTeX Font Info:    ... okay on input line 22.
LaTeX Font Info:    Checking defaults for OMS/cmsy/m/n on input line 22.
LaTeX Font Info:    ... okay on input line 22.
LaTeX Font Info:    Checking defaults for OMX/cmex/m/n on input line 22.
LaTeX Font Info:    ... okay on input line 22.
LaTeX Font Info:    Checking defaults for U/cmr/m/n on input line 22.
LaTeX Font Info:    ... okay on input line 22.
LaTeX Font Info:    Checking defaults for PD1/pdf/m/n on input line 22.
LaTeX Font Info:    ... okay on input line 22.
 ("C:\Program Files\MiKTeX 2.8\tex\context\base\supp-pdf.tex"
[Loading MPS to PDF converter (version 2006.09.02).]
\scratchcounter=\count124
\scratchdimen=\dimen133
\scratchbox=\box61
\nofMPsegments=\count125
\nofMParguments=\count126
\everyMPshowfont=\toks30
\MPscratchCnt=\count127
\MPscratchDim=\dimen134
\MPnumerator=\count128
\everyMPtoPDFconversion=\toks31
)
Package hyperref Info: Link coloring OFF on input line 22.
 ("C:\Program Files\MiKTeX 2.8\tex\latex\hyperref\nameref.sty"
Package: nameref 2007/05/29 v2.31 Cross-referencing by name of section

("C:\Program Files\MiKTeX 2.8\tex\latex\oberdiek\refcount.sty"
Package: refcount 2008/08/11 v3.1 Data extraction from references (HO)
)
\c@section@level=\count129
)
LaTeX Info: Redefining \ref on input line 22.
LaTeX Info: Redefining \pageref on input line 22.

("G:\Universidad\1Cuatrimestre\ISII\Practica\RepositorioISII\Diseño Tecnico\dis
enoTecnico.out")
("G:\Universidad\1Cuatrimestre\ISII\Practica\RepositorioISII\Diseño Tecnico\dis
enoTecnico.out")
\@outlinefile=\write3
\AtBeginShipoutBox=\box62
 <logoURJC.jpg, id=227, 85.82062pt x 90.3375pt>
File: logoURJC.jpg Graphic file (type jpg)

<use logoURJC.jpg>
LaTeX Font Info:    Try loading font information for U+msa on input line 34.
 ("C:\Program Files\MiKTeX 2.8\tex\latex\amsfonts\umsa.fd"
File: umsa.fd 2009/06/22 v3.00 AMS symbols A
)
LaTeX Font Info:    Try loading font information for U+msb on input line 34.

("C:\Program Files\MiKTeX 2.8\tex\latex\amsfonts\umsb.fd"
File: umsb.fd 2009/06/22 v3.00 AMS symbols B
) [1

{C:/ProgramData/MiKTeX/2.8/pdftex/config/pdftex.map} <G:/Universidad/1Cuatrimes
tre/ISII/Practica/RepositorioISII/Diseño Tecnico/logoURJC.jpg>]

Package Fancyhdr Warning: \fancyhead's `E' option without twoside option is use
less on input line 40.


Package Fancyhdr Warning: \fancyhead's `E' option without twoside option is use
less on input line 41.


("G:\Universidad\1Cuatrimestre\ISII\Practica\RepositorioISII\Diseño Tecnico\dis
enoTecnico.toc" [2])
\tf@toc=\write4
 [3]
("G:\Universidad\1Cuatrimestre\ISII\Practica\RepositorioISII\Diseño Tecnico\dis
enoTecnico.lof")
\tf@lof=\write5
 [4]
<despliegueSistema.jpg, id=372, 1101.11375pt x 597.23125pt>
File: despliegueSistema.jpg Graphic file (type jpg)

<use despliegueSistema.jpg> [5pdfTeX warning (ext4): destination with the same 
identifier (name{figure.1}) has been already used, duplicate ignored

\AtBegShi@Output ...ipout \box \AtBeginShipoutBox 
                                                  \fi \fi 
l.74 	L
       os datos de las tablas irán creciendo con el paso del tiempo, aunque ...
 <G:/Universidad/1Cuatrimestre/ISII/Practica/RepositorioISII/Diseño Tecnico/des
pliegueSistema.jpg>]
Underfull \hbox (badness 10000) in paragraph at lines 74--75

 []


Underfull \hbox (badness 10000) in paragraph at lines 76--77

 []


Underfull \hbox (badness 10000) in paragraph at lines 78--79

 []


Underfull \hbox (badness 10000) in paragraph at lines 86--87

 []


Underfull \hbox (badness 10000) in paragraph at lines 88--89

 []


Underfull \hbox (badness 10000) in paragraph at lines 90--91

 []

[6] [7] <paquetes.jpg, id=387, 904.37875pt x 740.7675pt>
File: paquetes.jpg Graphic file (type jpg)
 <use paquetes.jpg>
[8pdfTeX warning (ext4): destination with the same identifier (name{figure.2}) 
has been already used, duplicate ignored

\AtBegShi@Output ...ipout \box \AtBeginShipoutBox 
                                                  \fi \fi 
l.144 		\item \textbf
                     {Hardware}: <G:/Universidad/1Cuatrimestre/ISII/Practica/Re
positorioISII/Diseño Tecnico/paquetes.jpg>]
LaTeX Font Info:    Try loading font information for OMS+cmr on input line 146.


("C:\Program Files\MiKTeX 2.8\tex\latex\base\omscmr.fd"
File: omscmr.fd 1999/05/25 v2.5h Standard LaTeX font definitions
)
LaTeX Font Info:    Font shape `OMS/cmr/m/n' in size <10> not available
(Font)              Font shape `OMS/cmsy/m/n' tried instead on input line 146.
 [9] [10] [11]
<disenoLogin.jpg, id=405, 995.72pt x 501.875pt>
File: disenoLogin.jpg Graphic file (type jpg)
 <use disenoLogin.jpg>
<disenoEnvios.jpg, id=406, 675.52374pt x 501.875pt>
File: disenoEnvios.jpg Graphic file (type jpg)
 <use disenoEnvios.jpg>
<disenoFilatelia.jpg, id=407, 662.475pt x 518.93875pt>
File: disenoFilatelia.jpg Graphic file (type jpg)

<use disenoFilatelia.jpg> [12pdfTeX warning (ext4): destination with the same i
dentifier (name{figure.3}) has been already used, duplicate ignored

\AtBegShi@Output ...ipout \box \AtBeginShipoutBox 
                                                  \fi \fi 
l.264 
      pdfTeX warning (ext4): destination with the same identifier (name{figure.
4}) has been already used, duplicate ignored

\AtBegShi@Output ...ipout \box \AtBeginShipoutBox 
                                                  \fi \fi 
l.264 
       <G:/Universidad/1Cuatrimestre/ISII/Practica/RepositorioISII/Diseño Tecni
co/disenoLogin.jpg> <G:/Universidad/1Cuatrimestre/ISII/Practica/RepositorioISII
/Diseño Tecnico/disenoEnvios.jpg>]
<disenoInfo.jpg, id=412, 662.475pt x 501.875pt>
File: disenoInfo.jpg Graphic file (type jpg)
 <use disenoInfo.jpg>
<disenoOfiVirtual.jpg, id=413, 669.50125pt x 501.875pt>
File: disenoOfiVirtual.jpg Graphic file (type jpg)

<use disenoOfiVirtual.jpg> [13pdfTeX warning (ext4): destination with the same 
identifier (name{figure.5}) has been already used, duplicate ignored

\AtBegShi@Output ...ipout \box \AtBeginShipoutBox 
                                                  \fi \fi 
l.278 
      pdfTeX warning (ext4): destination with the same identifier (name{figure.
6}) has been already used, duplicate ignored

\AtBegShi@Output ...ipout \box \AtBeginShipoutBox 
                                                  \fi \fi 
l.278 
       <G:/Universidad/1Cuatrimestre/ISII/Practica/RepositorioISII/Diseño Tecni
co/disenoFilatelia.jpg> <G:/Universidad/1Cuatrimestre/ISII/Practica/Repositorio
ISII/Diseño Tecnico/disenoInfo.jpg>]
Overfull \hbox (9.55716pt too wide) in paragraph at lines 294--295
[]\OT1/cmr/m/it/10 GestorLogin\OT1/cmr/m/n/10 : Es el en-car-ga-do de re-alizar
 to-das las op-era-ciones de reg-istro y val-i-dacion disponibles. 
 []

[14pdfTeX warning (ext4): destination with the same identifier (name{figure.7})
 has been already used, duplicate ignored

\AtBegShi@Output ...ipout \box \AtBeginShipoutBox 
                                                  \fi \fi 
l.305 				\item \textit
                       {Información}: Es la encargada de almacenar toda la i...
 <G:/Universidad/1Cuatrimestre/ISII/Practica/RepositorioISII/Diseño Tecnico/dis
enoOfiVirtual.jpg>]
Overfull \hbox (4.6156pt too wide) in paragraph at lines 305--306
[]\OT1/cmr/m/it/10 Informacion\OT1/cmr/m/n/10 : Es la en-car-ga-da de al-ma-ce
-nar to-da la in-for-ma-cion estatica que va a es-tar disponible
 []

<seclogincorrecto.jpg, id=423, 662.475pt x 516.93124pt>
File: seclogincorrecto.jpg Graphic file (type jpg)

<use seclogincorrecto.jpg>
<secloginincorrecto.jpg, id=424, 662.475pt x 516.93124pt>
File: secloginincorrecto.jpg Graphic file (type jpg)

<use secloginincorrecto.jpg> [15pdfTeX warning (ext4): destination with the sam
e identifier (name{figure.8}) has been already used, duplicate ignored

\AtBegShi@Output ...ipout \box \AtBeginShipoutBox 
                                                  \fi \fi 
l.326 
       <G:/Universidad/1Cuatrimestre/ISII/Practica/RepositorioISII/Diseño Tecni
co/seclogincorrecto.jpg>]
<seclogoutcorrecto.jpg, id=429, 662.475pt x 516.93124pt>
File: seclogoutcorrecto.jpg Graphic file (type jpg)

<use seclogoutcorrecto.jpg>
<seclogoutincorrecto.jpg, id=430, 662.475pt x 516.93124pt>
File: seclogoutincorrecto.jpg Graphic file (type jpg)

<use seclogoutincorrecto.jpg> [16pdfTeX warning (ext4): destination with the sa
me identifier (name{figure.9}) has been already used, duplicate ignored

\AtBegShi@Output ...ipout \box \AtBeginShipoutBox 
                                                  \fi \fi 
l.347 
      pdfTeX warning (ext4): destination with the same identifier (name{figure.
10}) has been already used, duplicate ignored

\AtBegShi@Output ...ipout \box \AtBeginShipoutBox 
                                                  \fi \fi 
l.347 
       <G:/Universidad/1Cuatrimestre/ISII/Practica/RepositorioISII/Diseño Tecni
co/secloginincorrecto.jpg> <G:/Universidad/1Cuatrimestre/ISII/Practica/Reposito
rioISII/Diseño Tecnico/seclogoutcorrecto.jpg>]
<secregistrocorrecto.jpg, id=435, 662.475pt x 516.93124pt>
File: secregistrocorrecto.jpg Graphic file (type jpg)

<use secregistrocorrecto.jpg>
<secregistroincorrecto.jpg, id=436, 662.475pt x 516.93124pt>
File: secregistroincorrecto.jpg Graphic file (type jpg)

<use secregistroincorrecto.jpg> [17pdfTeX warning (ext4): destination with the 
same identifier (name{figure.11}) has been already used, duplicate ignored

\AtBegShi@Output ...ipout \box \AtBeginShipoutBox 
                                                  \fi \fi 
l.368 
      pdfTeX warning (ext4): destination with the same identifier (name{figure.
12}) has been already used, duplicate ignored

\AtBegShi@Output ...ipout \box \AtBeginShipoutBox 
                                                  \fi \fi 
l.368 
       <G:/Universidad/1Cuatrimestre/ISII/Practica/RepositorioISII/Diseño Tecni
co/seclogoutincorrecto.jpg> <G:/Universidad/1Cuatrimestre/ISII/Practica/Reposit
orioISII/Diseño Tecnico/secregistrocorrecto.jpg>]
<secatclienteinfo.jpg, id=441, 691.58376pt x 516.93124pt>
File: secatclienteinfo.jpg Graphic file (type jpg)

<use secatclienteinfo.jpg>
<secinfocorporativa.jpg, id=442, 691.58376pt x 516.93124pt>
File: secinfocorporativa.jpg Graphic file (type jpg)

<use secinfocorporativa.jpg> [18pdfTeX warning (ext4): destination with the sam
e identifier (name{figure.13}) has been already used, duplicate ignored

\AtBegShi@Output ...ipout \box \AtBeginShipoutBox 
                                                  \fi \fi 
l.389 		\end{figure}
                    pdfTeX warning (ext4): destination with the same identifier
 (name{figure.14}) has been already used, duplicate ignored

\AtBegShi@Output ...ipout \box \AtBeginShipoutBox 
                                                  \fi \fi 
l.389 		\end{figure}
                     <G:/Universidad/1Cuatrimestre/ISII/Practica/RepositorioISI
I/Diseño Tecnico/secregistroincorrecto.jpg> <G:/Universidad/1Cuatrimestre/ISII/
Practica/RepositorioISII/Diseño Tecnico/secatclienteinfo.jpg>]
<sectareas.jpg, id=448, 662.475pt x 516.93124pt>
File: sectareas.jpg Graphic file (type jpg)
 <use sectareas.jpg>
<secseguimiento.jpg, id=449, 662.475pt x 516.93124pt>
File: secseguimiento.jpg Graphic file (type jpg)
 <use secseguimiento.jpg>
[19pdfTeX warning (ext4): destination with the same identifier (name{figure.15}
) has been already used, duplicate ignored

\AtBegShi@Output ...ipout \box \AtBeginShipoutBox 
                                                  \fi \fi 
l.407 		C
         uando un usuario registrado solicita el seguimiento de un envío, el...
pdfTeX warning (ext4): destination with the same identifier (name{figure.16}) h
as been already used, duplicate ignored

\AtBegShi@Output ...ipout \box \AtBeginShipoutBox 
                                                  \fi \fi 
l.407 		C
         uando un usuario registrado solicita el seguimiento de un envío, el...
 <G:/Universidad/1Cuatrimestre/ISII/Practica/RepositorioISII/Diseño Tecnico/sec
infocorporativa.jpg> <G:/Universidad/1Cuatrimestre/ISII/Practica/RepositorioISI
I/Diseño Tecnico/sectareas.jpg>]
<sechistorico.jpg, id=455, 662.475pt x 516.93124pt>
File: sechistorico.jpg Graphic file (type jpg)
 <use sechistorico.jpg>
<secjustificante.jpg, id=456, 662.475pt x 516.93124pt>
File: secjustificante.jpg Graphic file (type jpg)

<use secjustificante.jpg> [20pdfTeX warning (ext4): destination with the same i
dentifier (name{figure.17}) has been already used, duplicate ignored

\AtBegShi@Output ...ipout \box \AtBeginShipoutBox 
                                                  \fi \fi 
l.423 		C
         uando un usuario registrado necesita el justificante o factura de u...
pdfTeX warning (ext4): destination with the same identifier (name{figure.18}) h
as been already used, duplicate ignored

\AtBegShi@Output ...ipout \box \AtBeginShipoutBox 
                                                  \fi \fi 
l.423 		C
         uando un usuario registrado necesita el justificante o factura de u...
 <G:/Universidad/1Cuatrimestre/ISII/Practica/RepositorioISII/Diseño Tecnico/sec
seguimiento.jpg> <G:/Universidad/1Cuatrimestre/ISII/Practica/RepositorioISII/Di
seño Tecnico/sechistorico.jpg>]
<secapadrinamiento.jpg, id=461, 665.48625pt x 516.93124pt>
File: secapadrinamiento.jpg Graphic file (type jpg)

<use secapadrinamiento.jpg>
<secasociaciones.jpg, id=462, 664.4825pt x 516.93124pt>
File: secasociaciones.jpg Graphic file (type jpg)

<use secasociaciones.jpg> [21pdfTeX warning (ext4): destination with the same i
dentifier (name{figure.19}) has been already used, duplicate ignored

\AtBegShi@Output ...ipout \box \AtBeginShipoutBox 
                                                  \fi \fi 
l.440 		E
         l usuario registrado busca una asociación filatélica, el gestor de ...
pdfTeX warning (ext4): destination with the same identifier (name{figure.20}) h
as been already used, duplicate ignored

\AtBegShi@Output ...ipout \box \AtBeginShipoutBox 
                                                  \fi \fi 
l.440 		E
         l usuario registrado busca una asociación filatélica, el gestor de ...
 <G:/Universidad/1Cuatrimestre/ISII/Practica/RepositorioISII/Diseño Tecnico/sec
justificante.jpg> <G:/Universidad/1Cuatrimestre/ISII/Practica/RepositorioISII/D
iseño Tecnico/secapadrinamiento.jpg>]
<secatcliente.jpg, id=467, 691.58376pt x 516.93124pt>
File: secatcliente.jpg Graphic file (type jpg)
 <use secatcliente.jpg>
<seccoleccion.jpg, id=468, 691.58376pt x 516.93124pt>
File: seccoleccion.jpg Graphic file (type jpg)
 <use seccoleccion.jpg>
[22pdfTeX warning (ext4): destination with the same identifier (name{figure.21}
) has been already used, duplicate ignored

\AtBegShi@Output ...ipout \box \AtBeginShipoutBox 
                                                  \fi \fi 
l.456 		U
         n usuario registrado solicita la información de un tipo de colecció...
pdfTeX warning (ext4): destination with the same identifier (name{figure.22}) h
as been already used, duplicate ignored

\AtBegShi@Output ...ipout \box \AtBeginShipoutBox 
                                                  \fi \fi 
l.456 		U
         n usuario registrado solicita la información de un tipo de colecció...
 <G:/Universidad/1Cuatrimestre/ISII/Practica/RepositorioISII/Diseño Tecnico/sec
asociaciones.jpg> <G:/Universidad/1Cuatrimestre/ISII/Practica/RepositorioISII/D
iseño Tecnico/secatcliente.jpg>]
<seconlinecorrecto.jpg, id=473, 916.42375pt x 533.995pt>
File: seconlinecorrecto.jpg Graphic file (type jpg)

<use seconlinecorrecto.jpg>
<seconlineincorrecto.jpg, id=474, 916.42375pt x 533.995pt>
File: seconlineincorrecto.jpg Graphic file (type jpg)

<use seconlineincorrecto.jpg> [23pdfTeX warning (ext4): destination with the sa
me identifier (name{figure.23}) has been already used, duplicate ignored

\AtBegShi@Output ...ipout \box \AtBeginShipoutBox 
                                                  \fi \fi 
l.472 		E
         l usuario registrado desea realizar un pedido sobre un prodcuto, el...
pdfTeX warning (ext4): destination with the same identifier (name{figure.24}) h
as been already used, duplicate ignored

\AtBegShi@Output ...ipout \box \AtBeginShipoutBox 
                                                  \fi \fi 
l.472 		E
         l usuario registrado desea realizar un pedido sobre un prodcuto, el...
 <G:/Universidad/1Cuatrimestre/ISII/Practica/RepositorioISII/Diseño Tecnico/sec
coleccion.jpg> <G:/Universidad/1Cuatrimestre/ISII/Practica/RepositorioISII/Dise
ño Tecnico/seconlinecorrecto.jpg>]
<secsucursal.jpg, id=479, 662.475pt x 516.93124pt>
File: secsucursal.jpg Graphic file (type jpg)
 <use secsucursal.jpg>
<secenviocorrecto.jpg, id=480, 662.475pt x 516.93124pt>
File: secenviocorrecto.jpg Graphic file (type jpg)

<use secenviocorrecto.jpg> [24pdfTeX warning (ext4): destination with the same 
identifier (name{figure.25}) has been already used, duplicate ignored

\AtBegShi@Output ...ipout \box \AtBeginShipoutBox 
                                                  \fi \fi 
l.489 
      pdfTeX warning (ext4): destination with the same identifier (name{figure.
26}) has been already used, duplicate ignored

\AtBegShi@Output ...ipout \box \AtBeginShipoutBox 
                                                  \fi \fi 
l.489 
       <G:/Universidad/1Cuatrimestre/ISII/Practica/RepositorioISII/Diseño Tecni
co/seconlineincorrecto.jpg> <G:/Universidad/1Cuatrimestre/ISII/Practica/Reposit
orioISII/Diseño Tecnico/secsucursal.jpg>]
<secenvioincorrecto.jpg, id=485, 662.475pt x 516.93124pt>
File: secenvioincorrecto.jpg Graphic file (type jpg)

<use secenvioincorrecto.jpg> [25pdfTeX warning (ext4): destination with the sam
e identifier (name{figure.27}) has been already used, duplicate ignored

\AtBegShi@Output ...ipout \box \AtBeginShipoutBox 
                                                  \fi \fi 
l.507 		\item I
               nterfaz para el perfil de Cliente Particular:pdfTeX warning (ext
4): destination with the same identifier (name{figure.28}) has been already use
d, duplicate ignored

\AtBegShi@Output ...ipout \box \AtBeginShipoutBox 
                                                  \fi \fi 
l.507 		\item I
               nterfaz para el perfil de Cliente Particular: <G:/Universidad/1C
uatrimestre/ISII/Practica/RepositorioISII/Diseño Tecnico/secenviocorrecto.jpg> 
<G:/Universidad/1Cuatrimestre/ISII/Practica/RepositorioISII/Diseño Tecnico/sece
nvioincorrecto.jpg>]

pdfTeX warning: pdflatex (file G:/Universidad/1Cuatrimestre/ISII/Practica/Repos
itorioISII/Diseño Tecnico/particulares_principal.pdf): PDF inclusion: found PDF
 version <1.5>, but at most version <1.4> allowed
<particulares_principal.pdf, id=491, 803.0pt x 602.25pt>
File: particulares_principal.pdf Graphic file (type pdf)

<use particulares_principal.pdf>

pdfTeX warning: pdflatex (file G:/Universidad/1Cuatrimestre/ISII/Practica/Repos
itorioISII/Diseño Tecnico/empresas_principal.pdf): PDF inclusion: found PDF ver
sion <1.5>, but at most version <1.4> allowed
<empresas_principal.pdf, id=492, 803.0pt x 602.25pt>
File: empresas_principal.pdf Graphic file (type pdf)

<use empresas_principal.pdf> [26pdfTeX warning (ext4): destination with the sam
e identifier (name{figure.29}) has been already used, duplicate ignored

\AtBegShi@Output ...ipout \box \AtBeginShipoutBox 
                                                  \fi \fi 
l.523 			E
          n este caso, las opciones disponibles son las de empresas, pero la...
 <G:/Universidad/1Cuatrimestre/ISII/Practica/RepositorioISII/Diseño Tecnico/par
ticulares_principal.pdf>]

pdfTeX warning: pdflatex (file G:/Universidad/1Cuatrimestre/ISII/Practica/Repos
itorioISII/Diseño Tecnico/oficina_virtual_principal.pdf): PDF inclusion: found 
PDF version <1.5>, but at most version <1.4> allowed
<oficina_virtual_principal.pdf, id=522, 803.0pt x 602.25pt>
File: oficina_virtual_principal.pdf Graphic file (type pdf)

<use oficina_virtual_principal.pdf> [27pdfTeX warning (ext4): destination with 
the same identifier (name{figure.30}) has been already used, duplicate ignored

\AtBegShi@Output ...ipout \box \AtBeginShipoutBox 
                                                  \fi \fi 
l.532 			P
          ara la oficina virtual la estructura es la misma pero con las opci...
 <G:/Universidad/1Cuatrimestre/ISII/Practica/RepositorioISII/Diseño Tecnico/emp
resas_principal.pdf>] [28pdfTeX warning (ext4): destination with the same ident
ifier (name{figure.31}) has been already used, duplicate ignored

\AtBegShi@Output ...ipout \box \AtBeginShipoutBox 
                                                  \fi \fi 
l.546 \newpage
               <G:/Universidad/1Cuatrimestre/ISII/Practica/RepositorioISII/Dise
ño Tecnico/oficina_virtual_principal.pdf>] [29] [30] [31] [32] [33] [34]
[35] [36] [37]
("G:\Universidad\1Cuatrimestre\ISII\Practica\RepositorioISII\Diseño Tecnico\dis
enoTecnico.aux") ) 
Here is how much of TeX's memory you used:
 6573 strings out of 495285
 92984 string characters out of 3180388
 179399 words of memory out of 3000000
 9491 multiletter control sequences out of 15000+200000
 8463 words of font info for 32 fonts, out of 3000000 for 9000
 14 hyphenation exceptions out of 8191
 38i,13n,43p,639b,511s stack positions out of 5000i,500n,10000p,200000b,50000s
<C:/Program Files/MiKTeX 2.8/fonts/type1/public/amsfonts/cm/c
mbx10.pfb><C:/Program Files/MiKTeX 2.8/fonts/type1/public/amsfonts/cm/cmbx12.pf
b><C:/Program Files/MiKTeX 2.8/fonts/type1/public/amsfonts/cm/cmr10.pfb><C:/Pro
gram Files/MiKTeX 2.8/fonts/type1/public/amsfonts/cm/cmr12.pfb><C:/Program File
s/MiKTeX 2.8/fonts/type1/public/amsfonts/cm/cmr17.pfb><C:/Program Files/MiKTeX 
2.8/fonts/type1/public/amsfonts/cm/cmr5.pfb><C:/Program Files/MiKTeX 2.8/fonts/
type1/public/amsfonts/cm/cmr7.pfb><C:/Program Files/MiKTeX 2.8/fonts/type1/publ
ic/amsfonts/cm/cmsy10.pfb><C:/Program Files/MiKTeX 2.8/fonts/type1/public/amsfo
nts/cm/cmti10.pfb><C:/Program Files/MiKTeX 2.8/fonts/type1/public/amsfonts/cm/c
mti12.pfb>
Output written on disenoTecnico.pdf (37 pages, 1330071 bytes).
PDF statistics:
 682 PDF objects out of 1000 (max. 8388607)
 127 named destinations out of 1000 (max. 500000)
 609 words of extra memory for PDF output out of 10000 (max. 10000000)

