\BOOKMARK [1][-]{section.1}{Introducci\363n}{}
\BOOKMARK [2][-]{subsection.1.1}{Prop\363sito}{section.1}
\BOOKMARK [2][-]{subsection.1.2}{Alcance}{section.1}
\BOOKMARK [2][-]{subsection.1.3}{Definiciones, siglas y abreviaciones}{section.1}
\BOOKMARK [2][-]{subsection.1.4}{Referencias}{section.1}
\BOOKMARK [2][-]{subsection.1.5}{Apreciaci\363n Global}{section.1}
\BOOKMARK [1][-]{section.2}{Descripci\363n Global}{}
\BOOKMARK [2][-]{subsection.2.1}{Perspectiva del Producto}{section.2}
\BOOKMARK [3][-]{subsubsection.2.1.1}{Interfaces del Sistema}{subsection.2.1}
\BOOKMARK [3][-]{subsubsection.2.1.2}{Interfaces de Usuario}{subsection.2.1}
\BOOKMARK [3][-]{subsubsection.2.1.3}{Interfaces de Hardware}{subsection.2.1}
\BOOKMARK [3][-]{subsubsection.2.1.4}{Interfaces de Software}{subsection.2.1}
\BOOKMARK [3][-]{subsubsection.2.1.5}{Interfaces de Comunicaciones}{subsection.2.1}
\BOOKMARK [3][-]{subsubsection.2.1.6}{Memoria}{subsection.2.1}
\BOOKMARK [3][-]{subsubsection.2.1.7}{Funcionamientos}{subsection.2.1}
\BOOKMARK [3][-]{subsubsection.2.1.8}{Requisitos de Adaptaci\363n del Site}{subsection.2.1}
\BOOKMARK [2][-]{subsection.2.2}{Funciones del Producto}{section.2}
\BOOKMARK [2][-]{subsection.2.3}{Caracter\355sticas del Usuario}{section.2}
\BOOKMARK [2][-]{subsection.2.4}{Restricciones}{section.2}
\BOOKMARK [2][-]{subsection.2.5}{Atenci\363n y Dependencias}{section.2}
