This is pdfTeX, Version 3.1415926-1.40.10 (MiKTeX 2.8) (preloaded format=pdflatex 2009.12.7)  9 JAN 2010 12:54
entering extended mode
**SRS.tex
(G:\Universidad\1Cuatrimestre\ISII\Practica\RepositorioISII\Requisitos\SRS.tex
LaTeX2e <2009/09/24>
Babel <v3.8l> and hyphenation patterns for english, dumylang, nohyphenation, ge
rman, ngerman, german-x-2009-06-19, ngerman-x-2009-06-19, french, loaded.
("C:\Program Files\MiKTeX 2.8\tex\latex\base\article.cls"
Document Class: article 2007/10/19 v1.4h Standard LaTeX document class
("C:\Program Files\MiKTeX 2.8\tex\latex\base\size10.clo"
File: size10.clo 2007/10/19 v1.4h Standard LaTeX file (size option)
)
\c@part=\count79
\c@section=\count80
\c@subsection=\count81
\c@subsubsection=\count82
\c@paragraph=\count83
\c@subparagraph=\count84
\c@figure=\count85
\c@table=\count86
\abovecaptionskip=\skip41
\belowcaptionskip=\skip42
\bibindent=\dimen102
)
("C:\Program Files\MiKTeX 2.8\tex\latex\base\inputenc.sty"
Package: inputenc 2008/03/30 v1.1d Input encoding file
\inpenc@prehook=\toks14
\inpenc@posthook=\toks15

("C:\Program Files\MiKTeX 2.8\tex\latex\base\latin1.def"
File: latin1.def 2008/03/30 v1.1d Input encoding file
))
("C:\Program Files\MiKTeX 2.8\tex\generic\babel\babel.sty"
Package: babel 2008/07/06 v3.8l The Babel package

*************************************
* Local config file bblopts.cfg used
*
("C:\Program Files\MiKTeX 2.8\tex\latex\00miktex\bblopts.cfg"
File: bblopts.cfg 2006/07/31 v1.0 MiKTeX 'babel' configuration
)
("C:\Program Files\MiKTeX 2.8\tex\generic\babel\spanish.ldf"
Language: spanish.ldf 2009/01/02 v5.0h Spanish support from the babel system

("C:\Program Files\MiKTeX 2.8\tex\generic\babel\babel.def"
File: babel.def 2008/07/06 v3.8l Babel common definitions
\babel@savecnt=\count87
\U@D=\dimen103
)

Package babel Warning: No hyphenation patterns were loaded for
(babel)                the language `Spanish'
(babel)                I will use the patterns loaded for \language=0 instead.

\l@spanish = a dialect from \language0
\es@datefmt=\count88
\es@quottoks=\toks16
\es@quotdepth=\count89
Package babel Info: Making " an active character on input line 492.
Package babel Info: Making . an active character on input line 585.
Package babel Info: Making < an active character on input line 630.
Package babel Info: Making > an active character on input line 630.
)) ("C:\Program Files\MiKTeX 2.8\tex\latex\tools\multicol.sty"
Package: multicol 2008/12/05 v1.6h multicolumn formatting (FMi)
\c@tracingmulticols=\count90
\mult@box=\box26
\multicol@leftmargin=\dimen104
\c@unbalance=\count91
\c@collectmore=\count92
\doublecol@number=\count93
\multicoltolerance=\count94
\multicolpretolerance=\count95
\full@width=\dimen105
\page@free=\dimen106
\premulticols=\dimen107
\postmulticols=\dimen108
\multicolsep=\skip43
\multicolbaselineskip=\skip44
\partial@page=\box27
\last@line=\box28
\mult@rightbox=\box29
\mult@grightbox=\box30
\mult@gfirstbox=\box31
\mult@firstbox=\box32
\@tempa=\box33
\@tempa=\box34
\@tempa=\box35
\@tempa=\box36
\@tempa=\box37
\@tempa=\box38
\@tempa=\box39
\@tempa=\box40
\@tempa=\box41
\@tempa=\box42
\@tempa=\box43
\@tempa=\box44
\@tempa=\box45
\@tempa=\box46
\@tempa=\box47
\@tempa=\box48
\@tempa=\box49
\c@columnbadness=\count96
\c@finalcolumnbadness=\count97
\last@try=\dimen109
\multicolovershoot=\dimen110
\multicolundershoot=\dimen111
\mult@nat@firstbox=\box50
\colbreak@box=\box51
)
("C:\Program Files\MiKTeX 2.8\tex\latex\ams\math\amsmath.sty"
Package: amsmath 2000/07/18 v2.13 AMS math features
\@mathmargin=\skip45

For additional information on amsmath, use the `?' option.
("C:\Program Files\MiKTeX 2.8\tex\latex\ams\math\amstext.sty"
Package: amstext 2000/06/29 v2.01

("C:\Program Files\MiKTeX 2.8\tex\latex\ams\math\amsgen.sty"
File: amsgen.sty 1999/11/30 v2.0
\@emptytoks=\toks17
\ex@=\dimen112
))
("C:\Program Files\MiKTeX 2.8\tex\latex\ams\math\amsbsy.sty"
Package: amsbsy 1999/11/29 v1.2d
\pmbraise@=\dimen113
)
("C:\Program Files\MiKTeX 2.8\tex\latex\ams\math\amsopn.sty"
Package: amsopn 1999/12/14 v2.01 operator names
)
\inf@bad=\count98
LaTeX Info: Redefining \frac on input line 211.
\uproot@=\count99
\leftroot@=\count100
LaTeX Info: Redefining \overline on input line 307.
\classnum@=\count101
\DOTSCASE@=\count102
LaTeX Info: Redefining \ldots on input line 379.
LaTeX Info: Redefining \dots on input line 382.
LaTeX Info: Redefining \cdots on input line 467.
\Mathstrutbox@=\box52
\strutbox@=\box53
\big@size=\dimen114
LaTeX Font Info:    Redeclaring font encoding OML on input line 567.
LaTeX Font Info:    Redeclaring font encoding OMS on input line 568.
\macc@depth=\count103
\c@MaxMatrixCols=\count104
\dotsspace@=\muskip10
\c@parentequation=\count105
\dspbrk@lvl=\count106
\tag@help=\toks18
\row@=\count107
\column@=\count108
\maxfields@=\count109
\andhelp@=\toks19
\eqnshift@=\dimen115
\alignsep@=\dimen116
\tagshift@=\dimen117
\tagwidth@=\dimen118
\totwidth@=\dimen119
\lineht@=\dimen120
\@envbody=\toks20
\multlinegap=\skip46
\multlinetaggap=\skip47
\mathdisplay@stack=\toks21
LaTeX Info: Redefining \[ on input line 2666.
LaTeX Info: Redefining \] on input line 2667.
)
("C:\Program Files\MiKTeX 2.8\tex\latex\amsfonts\amsfonts.sty"
Package: amsfonts 2009/06/22 v3.00 Basic AMSFonts support
\symAMSa=\mathgroup4
\symAMSb=\mathgroup5
LaTeX Font Info:    Overwriting math alphabet `\mathfrak' in version `bold'
(Font)                  U/euf/m/n --> U/euf/b/n on input line 96.
)
("C:\Program Files\MiKTeX 2.8\tex\latex\amsfonts\amssymb.sty"
Package: amssymb 2009/06/22 v3.00
)
("C:\Program Files\MiKTeX 2.8\tex\latex\tools\enumerate.sty"
Package: enumerate 1999/03/05 v3.00 enumerate extensions (DPC)
\@enLab=\toks22
)
("C:\Program Files\MiKTeX 2.8\tex\latex\eurosym\eurosym.sty"
Package: eurosym 1998/08/06 v1.1 European currency symbol ``Euro''
\@eurobox=\box54
)
("C:\Program Files\MiKTeX 2.8\tex\latex\graphics\graphicx.sty"
Package: graphicx 1999/02/16 v1.0f Enhanced LaTeX Graphics (DPC,SPQR)

("C:\Program Files\MiKTeX 2.8\tex\latex\graphics\keyval.sty"
Package: keyval 1999/03/16 v1.13 key=value parser (DPC)
\KV@toks@=\toks23
)
("C:\Program Files\MiKTeX 2.8\tex\latex\graphics\graphics.sty"
Package: graphics 2009/02/05 v1.0o Standard LaTeX Graphics (DPC,SPQR)

("C:\Program Files\MiKTeX 2.8\tex\latex\graphics\trig.sty"
Package: trig 1999/03/16 v1.09 sin cos tan (DPC)
)
("C:\Program Files\MiKTeX 2.8\tex\latex\00miktex\graphics.cfg"
File: graphics.cfg 2007/01/18 v1.5 graphics configuration of teTeX/TeXLive
)
Package graphics Info: Driver file: pdftex.def on input line 91.

("C:\Program Files\MiKTeX 2.8\tex\latex\pdftex-def\pdftex.def"
File: pdftex.def 2009/08/25 v0.04m Graphics/color for pdfTeX
\Gread@gobject=\count110
))
\Gin@req@height=\dimen121
\Gin@req@width=\dimen122
)
("C:\Program Files\MiKTeX 2.8\tex\latex\ltxmisc\anysize.sty"
Package: anysize 1994/08/13 1.0 Contributed LaTeX2e package

Package: `anysize' 1.0 <1994/08/13>
\@Leftmargin=\dimen123
\@Rightmargin=\dimen124
\@Topmargin=\dimen125
\@Bottommargin=\dimen126
) ("C:\Program Files\MiKTeX 2.8\tex\latex\colortbl\colortbl.sty"
Package: colortbl 2001/02/13 v0.1j Color table columns (DPC)

("C:\Program Files\MiKTeX 2.8\tex\latex\tools\array.sty"
Package: array 2008/09/09 v2.4c Tabular extension package (FMi)
\col@sep=\dimen127
\extrarowheight=\dimen128
\NC@list=\toks24
\extratabsurround=\skip48
\backup@length=\skip49
)
("C:\Program Files\MiKTeX 2.8\tex\latex\graphics\color.sty"
Package: color 2005/11/14 v1.0j Standard LaTeX Color (DPC)

("C:\Program Files\MiKTeX 2.8\tex\latex\00miktex\color.cfg"
File: color.cfg 2007/01/18 v1.5 color configuration of teTeX/TeXLive
)
Package color Info: Driver file: pdftex.def on input line 130.
)
\everycr=\toks25
\minrowclearance=\skip50
)
("C:\Program Files\MiKTeX 2.8\tex\latex\hyperref\hyperref.sty"
Package: hyperref 2009/10/19 v6.79b Hypertext links for LaTeX

("C:\Program Files\MiKTeX 2.8\tex\generic\oberdiek\ifpdf.sty"
Package: ifpdf 2009/04/10 v2.0 Provides the ifpdf switch (HO)
Package ifpdf Info: pdfTeX in pdf mode detected.
)
("C:\Program Files\MiKTeX 2.8\tex\generic\oberdiek\ifvtex.sty"
Package: ifvtex 2008/11/04 v1.4 Switches for detecting VTeX and its modes (HO)
Package ifvtex Info: VTeX not detected.
)
("C:\Program Files\MiKTeX 2.8\tex\latex\ifxetex\ifxetex.sty"
Package: ifxetex 2009/01/23 v0.5 Provides ifxetex conditional
)
("C:\Program Files\MiKTeX 2.8\tex\latex\oberdiek\hycolor.sty"
Package: hycolor 2009/10/02 v1.5 Code for color options of hyperref/bookmark (H
O)

("C:\Program Files\MiKTeX 2.8\tex\latex\oberdiek\xcolor-patch.sty"
Package: xcolor-patch 2009/10/02 xcolor patch
))
\@linkdim=\dimen129
\Hy@linkcounter=\count111
\Hy@pagecounter=\count112

("C:\Program Files\MiKTeX 2.8\tex\latex\hyperref\pd1enc.def"
File: pd1enc.def 2009/10/19 v6.79b Hyperref: PDFDocEncoding definition (HO)
)
("C:\Program Files\MiKTeX 2.8\tex\generic\oberdiek\etexcmds.sty"
Package: etexcmds 2007/12/12 v1.2 Prefix for e-TeX command names (HO)

("C:\Program Files\MiKTeX 2.8\tex\generic\oberdiek\infwarerr.sty"
Package: infwarerr 2007/09/09 v1.2 Providing info/warning/message (HO)
)
Package etexcmds Info: Could not find \expanded.
(etexcmds)             That can mean that you are not using pdfTeX 1.50 or
(etexcmds)             that some package has redefined \expanded.
(etexcmds)             In the latter case, load this package earlier.
)
("C:\Program Files\MiKTeX 2.8\tex\latex\00miktex\hyperref.cfg"
File: hyperref.cfg 2002/06/06 v1.2 hyperref configuration of TeXLive
)
("C:\Program Files\MiKTeX 2.8\tex\latex\oberdiek\kvoptions.sty"
Package: kvoptions 2009/08/13 v3.4 Keyval support for LaTeX options (HO)

("C:\Program Files\MiKTeX 2.8\tex\generic\oberdiek\kvsetkeys.sty"
Package: kvsetkeys 2009/07/30 v1.5 Key value parser with default handler suppor
t (HO)
))
Package hyperref Info: Hyper figures OFF on input line 2975.
Package hyperref Info: Link nesting OFF on input line 2980.
Package hyperref Info: Hyper index ON on input line 2983.
Package hyperref Info: Plain pages OFF on input line 2990.
Package hyperref Info: Backreferencing OFF on input line 2995.

Implicit mode ON; LaTeX internals redefined
Package hyperref Info: Bookmarks ON on input line 3191.
("C:\Program Files\MiKTeX 2.8\tex\latex\ltxmisc\url.sty"
\Urlmuskip=\muskip11
Package: url 2006/04/12  ver 3.3  Verb mode for urls, etc.
)
LaTeX Info: Redefining \url on input line 3428.

("C:\Program Files\MiKTeX 2.8\tex\generic\oberdiek\bitset.sty"
Package: bitset 2007/09/28 v1.0 Data type bit set (HO)

("C:\Program Files\MiKTeX 2.8\tex\generic\oberdiek\intcalc.sty"
Package: intcalc 2007/09/27 v1.1 Expandable integer calculations (HO)
)
("C:\Program Files\MiKTeX 2.8\tex\generic\oberdiek\bigintcalc.sty"
Package: bigintcalc 2007/11/11 v1.1 Expandable big integer calculations (HO)

("C:\Program Files\MiKTeX 2.8\tex\generic\oberdiek\pdftexcmds.sty"
Package: pdftexcmds 2009/09/23 v0.6 LuaTeX support for pdfTeX utility functions
 (HO)

("C:\Program Files\MiKTeX 2.8\tex\generic\oberdiek\ifluatex.sty"
Package: ifluatex 2009/04/17 v1.2 Provides the ifluatex switch (HO)
Package ifluatex Info: LuaTeX not detected.
)
("C:\Program Files\MiKTeX 2.8\tex\generic\oberdiek\ltxcmds.sty"
Package: ltxcmds 2009/08/05 v1.0 Some LaTeX kernel commands for general use (HO
)
)
Package pdftexcmds Info: LuaTeX not detected.
Package pdftexcmds Info: \pdf@primitive is available.
Package pdftexcmds Info: \pdf@ifprimitive is available.
)))
\Fld@menulength=\count113
\Field@Width=\dimen130
\Fld@charsize=\dimen131
\Field@toks=\toks26
Package hyperref Info: Hyper figures OFF on input line 4377.
Package hyperref Info: Link nesting OFF on input line 4382.
Package hyperref Info: Hyper index ON on input line 4385.
Package hyperref Info: backreferencing OFF on input line 4392.
Package hyperref Info: Link coloring OFF on input line 4397.
Package hyperref Info: Link coloring with OCG OFF on input line 4402.
Package hyperref Info: PDF/A mode OFF on input line 4407.

("C:\Program Files\MiKTeX 2.8\tex\generic\oberdiek\atbegshi.sty"
Package: atbegshi 2008/07/31 v1.9 At begin shipout hook (HO)
)
\Hy@abspage=\count114
\c@Item=\count115
\c@Hfootnote=\count116
)
*hyperref using default driver hpdftex*
("C:\Program Files\MiKTeX 2.8\tex\latex\hyperref\hpdftex.def"
File: hpdftex.def 2009/10/19 v6.79b Hyperref driver for pdfTeX
\Fld@listcount=\count117
)
("C:\Program Files\MiKTeX 2.8\tex\latex\graphics\lscape.sty"
Package: lscape 2000/10/22 v3.01 Landscape Pages (DPC)
)
("C:\Program Files\MiKTeX 2.8\tex\latex\float\float.sty"
Package: float 2001/11/08 v1.3d Float enhancements (AL)
\c@float@type=\count118
\float@exts=\toks27
\float@box=\box55
\@float@everytoks=\toks28
\@floatcapt=\box56
)
("C:\Program Files\MiKTeX 2.8\tex\latex\tools\longtable.sty"
Package: longtable 2004/02/01 v4.11 Multi-page Table package (DPC)
\LTleft=\skip51
\LTright=\skip52
\LTpre=\skip53
\LTpost=\skip54
\LTchunksize=\count119
\LTcapwidth=\dimen132
\LT@head=\box57
\LT@firsthead=\box58
\LT@foot=\box59
\LT@lastfoot=\box60
\LT@cols=\count120
\LT@rows=\count121
\c@LT@tables=\count122
\c@LT@chunks=\count123
\LT@p@ftn=\toks29
)
("C:\Program Files\MiKTeX 2.8\tex\latex\fancyhdr\fancyhdr.sty"
\fancy@headwidth=\skip55
\f@ncyO@elh=\skip56
\f@ncyO@erh=\skip57
\f@ncyO@olh=\skip58
\f@ncyO@orh=\skip59
\f@ncyO@elf=\skip60
\f@ncyO@erf=\skip61
\f@ncyO@olf=\skip62
\f@ncyO@orf=\skip63
)
(G:\Universidad\1Cuatrimestre\ISII\Practica\RepositorioISII\Requisitos\SRS.aux)
LaTeX Font Info:    Checking defaults for OML/cmm/m/it on input line 22.
LaTeX Font Info:    ... okay on input line 22.
LaTeX Font Info:    Checking defaults for T1/cmr/m/n on input line 22.
LaTeX Font Info:    ... okay on input line 22.
LaTeX Font Info:    Checking defaults for OT1/cmr/m/n on input line 22.
LaTeX Font Info:    ... okay on input line 22.
LaTeX Font Info:    Checking defaults for OMS/cmsy/m/n on input line 22.
LaTeX Font Info:    ... okay on input line 22.
LaTeX Font Info:    Checking defaults for OMX/cmex/m/n on input line 22.
LaTeX Font Info:    ... okay on input line 22.
LaTeX Font Info:    Checking defaults for U/cmr/m/n on input line 22.
LaTeX Font Info:    ... okay on input line 22.
LaTeX Font Info:    Checking defaults for PD1/pdf/m/n on input line 22.
LaTeX Font Info:    ... okay on input line 22.
("C:\Program Files\MiKTeX 2.8\tex\context\base\supp-pdf.tex"
[Loading MPS to PDF converter (version 2006.09.02).]
\scratchcounter=\count124
\scratchdimen=\dimen133
\scratchbox=\box61
\nofMPsegments=\count125
\nofMParguments=\count126
\everyMPshowfont=\toks30
\MPscratchCnt=\count127
\MPscratchDim=\dimen134
\MPnumerator=\count128
\everyMPtoPDFconversion=\toks31
)
Package hyperref Info: Link coloring OFF on input line 22.
 ("C:\Program Files\MiKTeX 2.8\tex\latex\hyperref\nameref.sty"
Package: nameref 2007/05/29 v2.31 Cross-referencing by name of section

("C:\Program Files\MiKTeX 2.8\tex\latex\oberdiek\refcount.sty"
Package: refcount 2008/08/11 v3.1 Data extraction from references (HO)
)
\c@section@level=\count129
)
LaTeX Info: Redefining \ref on input line 22.
LaTeX Info: Redefining \pageref on input line 22.

(G:\Universidad\1Cuatrimestre\ISII\Practica\RepositorioISII\Requisitos\SRS.out)
(G:\Universidad\1Cuatrimestre\ISII\Practica\RepositorioISII\Requisitos\SRS.out)
\@outlinefile=\write3
\AtBeginShipoutBox=\box62
<logoURJC.jpg, id=111, 85.82062pt x 90.3375pt>
File: logoURJC.jpg Graphic file (type jpg)
 <use logoURJC.jpg>
LaTeX Font Info:    Try loading font information for U+msa on input line 34.

("C:\Program Files\MiKTeX 2.8\tex\latex\amsfonts\umsa.fd"
File: umsa.fd 2009/06/22 v3.00 AMS symbols A
)
LaTeX Font Info:    Try loading font information for U+msb on input line 34.

("C:\Program Files\MiKTeX 2.8\tex\latex\amsfonts\umsb.fd"
File: umsb.fd 2009/06/22 v3.00 AMS symbols B
) [1

{C:/ProgramData/MiKTeX/2.8/pdftex/config/pdftex.map} <G:/Universidad/1Cuatrimes
tre/ISII/Practica/RepositorioISII/Requisitos/logoURJC.jpg>]

Package Fancyhdr Warning: \fancyhead's `E' option without twoside option is use
less on input line 40.


Package Fancyhdr Warning: \fancyhead's `E' option without twoside option is use
less on input line 41.

(G:\Universidad\1Cuatrimestre\ISII\Practica\RepositorioISII\Requisitos\SRS.toc)
\tf@toc=\write4
[2]
Underfull \hbox (badness 10000) in paragraph at lines 53--54

 []


Underfull \hbox (badness 10000) in paragraph at lines 55--56

 []


Underfull \hbox (badness 10000) in paragraph at lines 57--58

 []

LaTeX Font Info:    Try loading font information for OMS+cmr on input line 65.
("C:\Program Files\MiKTeX 2.8\tex\latex\base\omscmr.fd"
File: omscmr.fd 1999/05/25 v2.5h Standard LaTeX font definitions
)
LaTeX Font Info:    Font shape `OMS/cmr/m/n' in size <10> not available
(Font)              Font shape `OMS/cmsy/m/n' tried instead on input line 65.
 [3]
Underfull \hbox (badness 10000) in paragraph at lines 92--93

 []

<dibujoBloque.jpg, id=162, 530.73282pt x 362.10281pt>
File: dibujoBloque.jpg Graphic file (type jpg)
 <use dibujoBloque.jpg>
[4pdfTeX warning (ext4): destination with the same identifier (name{figure.1}) 
has been already used, duplicate ignored

\AtBegShi@Output ...ipout \box \AtBeginShipoutBox 
                                                  \fi \fi 
l.119 			\item V
                ista para la Oficina Virtual. <G:/Universidad/1Cuatrimestre/ISI
I/Practica/RepositorioISII/Requisitos/dibujoBloque.jpg>]
Underfull \hbox (badness 10000) in paragraph at lines 123--124

 []


Underfull \hbox (badness 10000) in paragraph at lines 132--133

 []

[5]
Underfull \hbox (badness 10000) in paragraph at lines 168--169

 []


Overfull \hbox (41.06259pt too wide) in paragraph at lines 173--174
[]\OT1/cmr/m/it/10 Conexion con el Aparta-do Postal Elec-tronico: \OT1/cmr/m/
n/10 en-lace al por-tal del Aparta-do Postal Elec-tronico(cep.correos.es). 
 []

[6]
Underfull \hbox (badness 10000) in paragraph at lines 199--200

 []


Underfull \hbox (badness 10000) in paragraph at lines 201--202

 []

[7] [8] [9] [10] [11] [12] [13]
(G:\Universidad\1Cuatrimestre\ISII\Practica\RepositorioISII\Requisitos\SRS.aux)
 ) 
Here is how much of TeX's memory you used:
 6314 strings out of 495285
 87940 string characters out of 3180388
 175426 words of memory out of 3000000
 9342 multiletter control sequences out of 15000+200000
 8822 words of font info for 33 fonts, out of 3000000 for 9000
 14 hyphenation exceptions out of 8191
 38i,12n,43p,880b,511s stack positions out of 5000i,500n,10000p,200000b,50000s
<C:/Program Files/MiKTeX 2.8/fonts/type1/public/amsfonts/cm/cmbx10.pfb><C:/Pr
ogram Files/MiKTeX 2.8/fonts/type1/public/amsfonts/cm/cmbx12.pfb><C:/Program Fi
les/MiKTeX 2.8/fonts/type1/public/amsfonts/cm/cmbxti10.pfb><C:/Program Files/Mi
KTeX 2.8/fonts/type1/public/amsfonts/cm/cmr10.pfb><C:/Program Files/MiKTeX 2.8/
fonts/type1/public/amsfonts/cm/cmr12.pfb><C:/Program Files/MiKTeX 2.8/fonts/typ
e1/public/amsfonts/cm/cmr17.pfb><C:/Program Files/MiKTeX 2.8/fonts/type1/public
/amsfonts/cm/cmr7.pfb><C:/Program Files/MiKTeX 2.8/fonts/type1/public/amsfonts/
cm/cmsy10.pfb><C:/Program Files/MiKTeX 2.8/fonts/type1/public/amsfonts/cm/cmti1
0.pfb><C:/Program Files/MiKTeX 2.8/fonts/type1/public/amsfonts/cm/cmti12.pfb>
Output written on SRS.pdf (13 pages, 235583 bytes).
PDF statistics:
 259 PDF objects out of 1000 (max. 8388607)
 49 named destinations out of 1000 (max. 500000)
 227 words of extra memory for PDF output out of 10000 (max. 10000000)

